2025-03-18 12:55:00,325 - INFO - === CS2 Server Manager Started ===
2025-03-18 12:55:00,325 - INFO - Preferred servers file: C:\Users\vania\OneDrive\Документы\AutoHotkey\data\preferred_servers.txt
2025-03-18 12:55:00,325 - INFO - All servers file: C:\Users\vania\OneDrive\Документы\AutoHotkey\data\all_servers.json
2025-03-18 12:55:00,333 - INFO - Configuration loaded from C:\Users\vania\OneDrive\Документы\AutoHotkey\data\config.json
2025-03-18 12:55:00,333 - INFO - Loaded 2 preferred servers
2025-03-18 12:55:00,333 - INFO - Fetching server data from Steam API...
2025-03-18 12:55:00,494 - INFO - Successfully fetched 49 servers
2025-03-18 12:55:00,495 - INFO - Starting server cycle
2025-03-18 12:55:00,495 - INFO - Processing server 1/2: Vienna (Austria) (vie)
2025-03-18 12:55:00,495 - INFO - Blocking all servers except: Vienna (Austria) (vie)
2025-03-18 12:55:00,557 - INFO - Unblocking server: Vienna (Austria) (vie)
2025-03-18 12:55:00,670 - INFO - Server already blocked: Amsterdam (Netherlands) (ams)
2025-03-18 12:55:00,727 - INFO - Server already blocked: Atlanta (Georgia) (atl)
2025-03-18 12:55:00,782 - INFO - Server already blocked: Dallas (Texas) (dfw)
2025-03-18 12:55:00,836 - INFO - Server already blocked: Dubai (United Arab Emirates) (dxb)
2025-03-18 12:55:00,889 - INFO - Server already blocked: Buenos Aires (Argentina) (eze)
2025-03-18 12:55:00,942 - INFO - Server already blocked: Frankfurt (Germany) (fra)
2025-03-18 12:55:00,995 - INFO - Server already blocked: Sao Paulo (Brazil) (gru)
2025-03-18 12:55:01,048 - INFO - Server already blocked: Hong Kong (hkg)
2025-03-18 12:55:01,101 - INFO - Server already blocked: Sterling (Virginia) (iad)
2025-03-18 12:55:01,155 - INFO - Server already blocked: Johannesburg (South Africa) (jnb)
2025-03-18 12:55:01,207 - INFO - Server already blocked: Los Angeles (California) (lax)
2025-03-18 12:55:01,259 - INFO - Server already blocked: London (England) (lhr)
2025-03-18 12:55:01,312 - INFO - Server already blocked: Lima (Peru) (lim)
2025-03-18 12:55:01,365 - INFO - Server already blocked: Madrid (Spain) (mad)
2025-03-18 12:55:01,418 - INFO - Server already blocked: Chicago (Illinois) (ord)
2025-03-18 12:55:01,471 - INFO - Server already blocked: Paris (France) (par)
2025-03-18 12:55:01,523 - INFO - Server already blocked: Perfect World Guangdong 1 (China) (pwg)
2025-03-18 12:55:01,576 - INFO - Server already blocked: Perfect World Tianjin (China) (pwj)
2025-03-18 12:55:01,628 - INFO - Server already blocked: Perfect World Hebei (China) (pwu)
2025-03-18 12:55:01,682 - INFO - Server already blocked: Perfect World Wuhan (China) (pww)
2025-03-18 12:55:01,735 - INFO - Server already blocked: Perfect World Zhejiang (China) (pwz)
2025-03-18 12:55:01,787 - INFO - Server already blocked: Santiago (Chile) (scl)
2025-03-18 12:55:01,840 - INFO - Server already blocked: Seattle (Washington) (sea)
2025-03-18 12:55:01,892 - INFO - Server already blocked: Seoul (South Korea) (seo)
2025-03-18 12:55:01,946 - INFO - Server already blocked: Singapore (sgp)
2025-03-18 12:55:01,999 - INFO - Server already blocked: Perfect World (sha-4) Backbone (Shanghai, China) (shb)
2025-03-18 12:55:02,052 - INFO - Server already blocked: Stockholm - Kista (Sweden) (sto)
2025-03-18 12:55:02,104 - INFO - Server already blocked: Sydney (Australia) (syd)
2025-03-18 12:55:02,158 - INFO - Server already blocked: Tokyo Koto City (Japan) (tyo)
2025-03-18 12:55:02,209 - INFO - Blocking server: Warsaw (Poland) (waw)
2025-03-18 12:55:02,308 - INFO - Server already blocked: Mumbai (India) (bom2)
2025-03-18 12:55:02,361 - INFO - Server already blocked: Chennai - Ambattur (India) (maa2)
2025-03-18 12:55:02,415 - INFO - Server already blocked: Stockholm - Bromma (Sweden) (sto2)
2025-03-18 12:55:02,468 - INFO - Server already blocked: Multiplay Amsterdam (Netherlands) (ams4)
2025-03-18 12:55:02,520 - INFO - Server already blocked: Multiplay Hong Kong (hkg4)
2025-03-18 12:55:02,573 - INFO - Server already blocked: Alibaba Cloud Chengdu - Mobile (China) (ctum)
2025-03-18 12:55:02,625 - INFO - Server already blocked: Multiplay Dallas (Texas) (dfwm)
2025-03-18 12:55:02,679 - INFO - Server already blocked: Alibaba Cloud Beijing - Mobile (China) (pekm)
2025-03-18 12:55:02,735 - INFO - Server already blocked: Alibaba Cloud Shanghai - Mobile (China) (pvgm)
2025-03-18 12:55:02,788 - INFO - Server already blocked: Tencent Guangzhou - Mobile (China) (tgdm)
2025-03-18 12:55:02,841 - INFO - Server already blocked: Alibaba Cloud Chengdu - Telecom (China) (ctut)
2025-03-18 12:55:02,894 - INFO - Server already blocked: Alibaba Cloud Beijing - Telecom (China) (pekt)
2025-03-18 12:55:02,946 - INFO - Server already blocked: Alibaba Cloud Shanghai - Telecom (China) (pvgt)
2025-03-18 12:55:02,999 - INFO - Server already blocked: Tencent Guangzhou - Telecom (China) (tgdt)
2025-03-18 12:55:03,052 - INFO - Server already blocked: Alibaba Cloud Chengdu - Unicom (China) (ctuu)
2025-03-18 12:55:03,105 - INFO - Server already blocked: Alibaba Cloud Beijing - Unicom (China) (peku)
2025-03-18 12:55:03,157 - INFO - Server already blocked: Alibaba Cloud Shanghai - Unicom (China) (pvgu)
2025-03-18 12:55:03,210 - INFO - Server already blocked: Tencent Guangzhou - Unicom (China) (tgdu)
2025-03-18 12:55:03,210 - INFO - Running AHK script
2025-03-18 12:55:37,295 - INFO - AHK script completed successfully
2025-03-18 12:55:37,296 - INFO - Cycling from Vienna (Austria) (vie) to Warsaw (Poland) (waw)
2025-03-18 12:55:37,352 - INFO - Blocking server: Vienna (Austria) (vie)
2025-03-18 12:55:37,459 - INFO - Unblocking server: Warsaw (Poland) (waw)
2025-03-18 12:55:42,516 - INFO - Processing server 2/2: Warsaw (Poland) (waw)
2025-03-18 12:55:42,516 - INFO - Blocking all servers except: Warsaw (Poland) (waw)
2025-03-18 12:55:42,569 - INFO - Server not blocked: Warsaw (Poland) (waw)
2025-03-18 12:55:42,625 - INFO - Server already blocked: Amsterdam (Netherlands) (ams)
2025-03-18 12:55:42,678 - INFO - Server already blocked: Atlanta (Georgia) (atl)
2025-03-18 12:55:42,730 - INFO - Server already blocked: Dallas (Texas) (dfw)
2025-03-18 12:55:42,782 - INFO - Server already blocked: Dubai (United Arab Emirates) (dxb)
2025-03-18 12:55:42,836 - INFO - Server already blocked: Buenos Aires (Argentina) (eze)
2025-03-18 12:55:42,888 - INFO - Server already blocked: Frankfurt (Germany) (fra)
2025-03-18 12:55:42,944 - INFO - Server already blocked: Sao Paulo (Brazil) (gru)
2025-03-18 12:55:42,997 - INFO - Server already blocked: Hong Kong (hkg)
2025-03-18 12:55:43,051 - INFO - Server already blocked: Sterling (Virginia) (iad)
2025-03-18 12:55:43,103 - INFO - Server already blocked: Johannesburg (South Africa) (jnb)
2025-03-18 12:55:43,156 - INFO - Server already blocked: Los Angeles (California) (lax)
2025-03-18 12:55:43,208 - INFO - Server already blocked: London (England) (lhr)
2025-03-18 12:55:43,261 - INFO - Server already blocked: Lima (Peru) (lim)
2025-03-18 12:55:43,314 - INFO - Server already blocked: Madrid (Spain) (mad)
2025-03-18 12:55:43,367 - INFO - Server already blocked: Chicago (Illinois) (ord)
2025-03-18 12:55:43,420 - INFO - Server already blocked: Paris (France) (par)
2025-03-18 12:55:43,473 - INFO - Server already blocked: Perfect World Guangdong 1 (China) (pwg)
2025-03-18 12:55:43,526 - INFO - Server already blocked: Perfect World Tianjin (China) (pwj)
2025-03-18 12:55:43,580 - INFO - Server already blocked: Perfect World Hebei (China) (pwu)
2025-03-18 12:55:43,633 - INFO - Server already blocked: Perfect World Wuhan (China) (pww)
2025-03-18 12:55:43,686 - INFO - Server already blocked: Perfect World Zhejiang (China) (pwz)
2025-03-18 12:55:43,738 - INFO - Server already blocked: Santiago (Chile) (scl)
2025-03-18 12:55:43,791 - INFO - Server already blocked: Seattle (Washington) (sea)
2025-03-18 12:55:43,844 - INFO - Server already blocked: Seoul (South Korea) (seo)
2025-03-18 12:55:43,896 - INFO - Server already blocked: Singapore (sgp)
2025-03-18 12:55:43,949 - INFO - Server already blocked: Perfect World (sha-4) Backbone (Shanghai, China) (shb)
2025-03-18 12:55:44,002 - INFO - Server already blocked: Stockholm - Kista (Sweden) (sto)
2025-03-18 12:55:44,056 - INFO - Server already blocked: Sydney (Australia) (syd)
2025-03-18 12:55:44,109 - INFO - Server already blocked: Tokyo Koto City (Japan) (tyo)
2025-03-18 12:55:44,161 - INFO - Server already blocked: Vienna (Austria) (vie)
2025-03-18 12:55:44,213 - INFO - Server already blocked: Mumbai (India) (bom2)
2025-03-18 12:55:44,265 - INFO - Server already blocked: Chennai - Ambattur (India) (maa2)
2025-03-18 12:55:44,317 - INFO - Server already blocked: Stockholm - Bromma (Sweden) (sto2)
2025-03-18 12:55:44,370 - INFO - Server already blocked: Multiplay Amsterdam (Netherlands) (ams4)
2025-03-18 12:55:44,423 - INFO - Server already blocked: Multiplay Hong Kong (hkg4)
2025-03-18 12:55:44,475 - INFO - Server already blocked: Alibaba Cloud Chengdu - Mobile (China) (ctum)
2025-03-18 12:55:44,528 - INFO - Server already blocked: Multiplay Dallas (Texas) (dfwm)
2025-03-18 12:55:44,580 - INFO - Server already blocked: Alibaba Cloud Beijing - Mobile (China) (pekm)
2025-03-18 12:55:44,632 - INFO - Server already blocked: Alibaba Cloud Shanghai - Mobile (China) (pvgm)
2025-03-18 12:55:44,684 - INFO - Server already blocked: Tencent Guangzhou - Mobile (China) (tgdm)
2025-03-18 12:55:44,737 - INFO - Server already blocked: Alibaba Cloud Chengdu - Telecom (China) (ctut)
2025-03-18 12:55:44,789 - INFO - Server already blocked: Alibaba Cloud Beijing - Telecom (China) (pekt)
2025-03-18 12:55:44,841 - INFO - Server already blocked: Alibaba Cloud Shanghai - Telecom (China) (pvgt)
2025-03-18 12:55:44,895 - INFO - Server already blocked: Tencent Guangzhou - Telecom (China) (tgdt)
2025-03-18 12:55:44,948 - INFO - Server already blocked: Alibaba Cloud Chengdu - Unicom (China) (ctuu)
2025-03-18 12:55:45,003 - INFO - Server already blocked: Alibaba Cloud Beijing - Unicom (China) (peku)
2025-03-18 12:55:45,055 - INFO - Server already blocked: Alibaba Cloud Shanghai - Unicom (China) (pvgu)
2025-03-18 12:55:45,107 - INFO - Server already blocked: Tencent Guangzhou - Unicom (China) (tgdu)
2025-03-18 12:55:45,107 - INFO - Running AHK script
2025-03-18 12:56:09,400 - INFO - AHK script completed successfully
2025-03-18 12:56:09,400 - INFO - Cycling from Warsaw (Poland) (waw) to Vienna (Austria) (vie)
2025-03-18 12:56:09,457 - INFO - Blocking server: Warsaw (Poland) (waw)
2025-03-18 12:56:09,563 - INFO - Unblocking server: Vienna (Austria) (vie)
2025-03-18 12:56:14,620 - INFO - Server cycle completed
2025-03-18 12:56:14,620 - INFO - Completed full cycle, starting again...
2025-03-18 12:56:24,621 - INFO - Starting server cycle
2025-03-18 12:56:24,621 - INFO - Processing server 1/2: Vienna (Austria) (vie)
2025-03-18 12:56:24,621 - INFO - Blocking all servers except: Vienna (Austria) (vie)
2025-03-18 12:56:24,675 - INFO - Server not blocked: Vienna (Austria) (vie)
2025-03-18 12:56:24,727 - INFO - Server already blocked: Amsterdam (Netherlands) (ams)
2025-03-18 12:56:24,780 - INFO - Server already blocked: Atlanta (Georgia) (atl)
2025-03-18 12:56:24,831 - INFO - Server already blocked: Dallas (Texas) (dfw)
2025-03-18 12:56:24,884 - INFO - Server already blocked: Dubai (United Arab Emirates) (dxb)
2025-03-18 12:56:24,936 - INFO - Server already blocked: Buenos Aires (Argentina) (eze)
2025-03-18 12:56:24,991 - INFO - Server already blocked: Frankfurt (Germany) (fra)
2025-03-18 12:56:25,043 - INFO - Server already blocked: Sao Paulo (Brazil) (gru)
2025-03-18 12:56:25,096 - INFO - Server already blocked: Hong Kong (hkg)
2025-03-18 12:56:25,148 - INFO - Server already blocked: Sterling (Virginia) (iad)
2025-03-18 12:56:25,201 - INFO - Server already blocked: Johannesburg (South Africa) (jnb)
2025-03-18 12:56:25,253 - INFO - Server already blocked: Los Angeles (California) (lax)
2025-03-18 12:56:25,306 - INFO - Server already blocked: London (England) (lhr)
2025-03-18 12:56:25,358 - INFO - Server already blocked: Lima (Peru) (lim)
2025-03-18 12:56:25,410 - INFO - Server already blocked: Madrid (Spain) (mad)
2025-03-18 12:56:25,463 - INFO - Server already blocked: Chicago (Illinois) (ord)
2025-03-18 12:56:25,516 - INFO - Server already blocked: Paris (France) (par)
2025-03-18 12:56:25,568 - INFO - Server already blocked: Perfect World Guangdong 1 (China) (pwg)
2025-03-18 12:56:25,620 - INFO - Server already blocked: Perfect World Tianjin (China) (pwj)
2025-03-18 12:56:25,672 - INFO - Server already blocked: Perfect World Hebei (China) (pwu)
2025-03-18 12:56:25,726 - INFO - Server already blocked: Perfect World Wuhan (China) (pww)
2025-03-18 12:56:25,777 - INFO - Server already blocked: Perfect World Zhejiang (China) (pwz)
2025-03-18 12:56:25,831 - INFO - Server already blocked: Santiago (Chile) (scl)
2025-03-18 12:56:25,883 - INFO - Server already blocked: Seattle (Washington) (sea)
2025-03-18 12:56:25,936 - INFO - Server already blocked: Seoul (South Korea) (seo)
2025-03-18 12:56:25,990 - INFO - Server already blocked: Singapore (sgp)
2025-03-18 12:56:26,042 - INFO - Server already blocked: Perfect World (sha-4) Backbone (Shanghai, China) (shb)
2025-03-18 12:56:26,094 - INFO - Server already blocked: Stockholm - Kista (Sweden) (sto)
2025-03-18 12:56:26,147 - INFO - Server already blocked: Sydney (Australia) (syd)
2025-03-18 12:56:26,198 - INFO - Server already blocked: Tokyo Koto City (Japan) (tyo)
2025-03-18 12:56:26,251 - INFO - Server already blocked: Warsaw (Poland) (waw)
2025-03-18 12:56:26,302 - INFO - Server already blocked: Mumbai (India) (bom2)
2025-03-18 12:56:26,355 - INFO - Server already blocked: Chennai - Ambattur (India) (maa2)
2025-03-18 12:56:26,406 - INFO - Server already blocked: Stockholm - Bromma (Sweden) (sto2)
2025-03-18 12:56:26,459 - INFO - Server already blocked: Multiplay Amsterdam (Netherlands) (ams4)
2025-03-18 12:56:26,511 - INFO - Server already blocked: Multiplay Hong Kong (hkg4)
2025-03-18 12:56:26,563 - INFO - Server already blocked: Alibaba Cloud Chengdu - Mobile (China) (ctum)
2025-03-18 12:56:26,614 - INFO - Server already blocked: Multiplay Dallas (Texas) (dfwm)
2025-03-18 12:56:26,667 - INFO - Server already blocked: Alibaba Cloud Beijing - Mobile (China) (pekm)
2025-03-18 12:56:26,722 - INFO - Server already blocked: Alibaba Cloud Shanghai - Mobile (China) (pvgm)
2025-03-18 12:56:26,775 - INFO - Server already blocked: Tencent Guangzhou - Mobile (China) (tgdm)
2025-03-18 12:56:26,827 - INFO - Server already blocked: Alibaba Cloud Chengdu - Telecom (China) (ctut)
2025-03-18 12:56:26,880 - INFO - Server already blocked: Alibaba Cloud Beijing - Telecom (China) (pekt)
2025-03-18 12:56:26,931 - INFO - Server already blocked: Alibaba Cloud Shanghai - Telecom (China) (pvgt)
2025-03-18 12:56:26,985 - INFO - Server already blocked: Tencent Guangzhou - Telecom (China) (tgdt)
2025-03-18 12:56:27,037 - INFO - Server already blocked: Alibaba Cloud Chengdu - Unicom (China) (ctuu)
2025-03-18 12:56:27,090 - INFO - Server already blocked: Alibaba Cloud Beijing - Unicom (China) (peku)
2025-03-18 12:56:27,143 - INFO - Server already blocked: Alibaba Cloud Shanghai - Unicom (China) (pvgu)
2025-03-18 12:56:27,196 - INFO - Server already blocked: Tencent Guangzhou - Unicom (China) (tgdu)
2025-03-18 12:56:27,196 - INFO - Running AHK script
