2025-03-23 13:13:29 - === CS2 Automation Script Started ===
2025-03-23 13:13:29 - AHK Version: 2.0.19
2025-03-23 13:13:29 - Script Path: C:\LinkHarvesterScript\cs2_automation.ahk
2025-03-23 13:13:29 - Log File: C:\LinkHarvesterScript\cs2_automation.log
2025-03-23 13:13:30 - Checking if CS2 is running...
2025-03-23 13:13:30 - CS2 is already running. Window activated.
2025-03-23 13:13:32 - Starting Sigma match automation
2025-03-23 13:13:32 - Selecting map: Sigma
2025-03-23 13:13:34 - Clicking Play button at coordinates: 985,30
2025-03-23 13:13:35 - Selecting matchmaking mode at coordinates: 813,85
2025-03-23 13:13:37 - Selecting casual league at coordinates: 906,130
2025-03-23 13:13:38 - Selecting Sigma map at coordinates: 380,430
2025-03-23 13:13:40 - Clicking Accept Match at coordinates: 1695,1030
2025-03-23 13:13:41 - Taking Steam screenshot with F12
2025-03-23 13:13:42 - Map selection sequence completed for: Sigma
2025-03-23 13:13:42 - Map selected, now waiting for match to be found and joined...
2025-03-23 13:13:42 - Waiting for match outcome (success or failure)...
2025-03-23 13:13:42 - Match detection timeout set to 60.0 seconds
2025-03-23 13:13:42 - Cancel search button area color: 0x363230
2025-03-23 13:13:42 - Checking for spectate button...
2025-03-23 13:13:42 - Taking Steam screenshot with F12
2025-03-23 13:13:44 - Python detector output: SPECTATE_DETECTION_RESULT=0

2025-03-23 13:13:44 - Spectate detection result: SPECTATE_DETECTION_RESULT=0

2025-03-23 13:13:44 - Checking for matchmaking failure dialog...
2025-03-23 13:13:44 - Taking Steam screenshot with F12
2025-03-23 13:13:46 - Python detector output: ERROR_DETECTION_RESULT=0

2025-03-23 13:13:46 - Error detection result: ERROR_DETECTION_RESULT=0

2025-03-23 13:13:48 - Cancel search button area color: 0x363230
2025-03-23 13:13:48 - Checking for spectate button...
2025-03-23 13:13:48 - Taking Steam screenshot with F12
2025-03-23 13:13:50 - Python detector output: SPECTATE_DETECTION_RESULT=0

2025-03-23 13:13:50 - Spectate detection result: SPECTATE_DETECTION_RESULT=0

2025-03-23 13:13:50 - Checking for matchmaking failure dialog...
2025-03-23 13:13:50 - Taking Steam screenshot with F12
2025-03-23 13:13:52 - Python detector output: ERROR_DETECTION_RESULT=0

2025-03-23 13:13:52 - Error detection result: ERROR_DETECTION_RESULT=0

2025-03-23 13:13:54 - Cancel search button area color: 0x181615
2025-03-23 13:13:54 - Checking for spectate button...
2025-03-23 13:13:54 - Taking Steam screenshot with F12
2025-03-23 13:13:56 - Python detector output: SPECTATE_DETECTION_RESULT=0

2025-03-23 13:13:56 - Spectate detection result: SPECTATE_DETECTION_RESULT=0

2025-03-23 13:13:56 - Checking for matchmaking failure dialog...
2025-03-23 13:13:56 - Taking Steam screenshot with F12
2025-03-23 13:13:58 - Python detector output: ERROR_DETECTION_RESULT=0

2025-03-23 13:13:58 - Error detection result: ERROR_DETECTION_RESULT=0

2025-03-23 13:14:00 - Cancel search button area color: 0x3D434A
2025-03-23 13:14:00 - Checking for spectate button...
2025-03-23 13:14:00 - Taking Steam screenshot with F12
2025-03-23 13:14:02 - Python detector output: SPECTATE_DETECTION_RESULT=0

2025-03-23 13:14:02 - Spectate detection result: SPECTATE_DETECTION_RESULT=0

2025-03-23 13:14:02 - Checking for matchmaking failure dialog...
2025-03-23 13:14:02 - Taking Steam screenshot with F12
2025-03-23 13:14:04 - Python detector output: ERROR_DETECTION_RESULT=0

2025-03-23 13:14:04 - Error detection result: ERROR_DETECTION_RESULT=0

2025-03-23 13:14:06 - Still waiting for match outcome... 24.390999999999998 seconds elapsed
2025-03-23 13:14:06 - Cancel search button area color: 0x1F1F1B
2025-03-23 13:14:06 - Checking for spectate button...
2025-03-23 13:14:06 - Taking Steam screenshot with F12
2025-03-23 13:14:08 - Python detector output: SPECTATE_DETECTION_RESULT=1
SPECTATE_COORDS=1635,1032

2025-03-23 13:14:08 - Spectate detection result: SPECTATE_DETECTION_RESULT=1
SPECTATE_COORDS=1635,1032

2025-03-23 13:14:08 - Spectate button detected positively!
2025-03-23 13:14:08 - Found spectate coordinates: 1635,1032
2025-03-23 13:14:08 - Successfully joined match!
2025-03-23 13:14:09 - Python detector output: SPECTATE_DETECTION_RESULT=1
SPECTATE_COORDS=1635,1032

2025-03-23 13:14:09 - Using detected coordinates: 1635,1032
2025-03-23 13:14:09 - Clicking spectator button at 1635, 1032
2025-03-23 13:14:10 - Taking Steam screenshot with F12
2025-03-23 13:14:10 - Match outcome: success
2025-03-23 13:14:10 - Successfully joined match!
2025-03-23 13:14:10 - Processing match...
2025-03-23 13:14:15 - Viewing player list...
2025-03-23 13:14:15 - Pressing Escape to view scoreboard...
2025-03-23 13:14:15 - Taking screenshot of player list...
2025-03-23 13:14:15 - Taking Steam screenshot with F12
2025-03-23 13:14:16 - Analyzing scoreboard player rows...
2025-03-23 13:14:16 - Taking Steam screenshot with F12
2025-03-23 13:14:18 - Python detector output: DETECTION_RESULT=1
CT_LABEL_COORDS=540,432
CT_FIRST_ROW_COORDS=707,328
T_LABEL_COORDS=540,652
T_FIRST_ROW_COORDS=707,560

2025-03-23 13:14:18 - Scoreboard detection result: DETECTION_RESULT=1
CT_LABEL_COORDS=540,432
CT_FIRST_ROW_COORDS=707,328
T_LABEL_COORDS=540,652
T_FIRST_ROW_COORDS=707,560

2025-03-23 13:14:18 - Found CT first player row at 707,328
2025-03-23 13:14:18 - Found T first player row at 707,328
2025-03-23 13:14:18 - Testing: Clicking first CT row at 707,328
2025-03-23 13:14:19 - Taking screenshot after CT player click...
2025-03-23 13:14:19 - Taking Steam screenshot with F12
2025-03-23 13:14:20 - Testing: Clicking first T row at 707,328
2025-03-23 13:14:21 - Taking screenshot after T player click...
2025-03-23 13:14:21 - Taking Steam screenshot with F12
2025-03-23 13:14:23 - Returning to main menu by leaving match...
2025-03-23 13:14:23 - Clicking Leave Match button at 1170,130
2025-03-23 13:14:24 - Clicking OK to confirm at 1100,600
2025-03-23 13:14:27 - Taking Steam screenshot with F12
2025-03-23 13:14:30 - Match processing completed
2025-03-23 13:14:30 - Finished with match
2025-03-23 13:14:30 - Automation completed
2025-03-23 13:14:40 - *** EMERGENCY EXIT TRIGGERED BY USER (Ctrl+Alt+X) ***
