2025-04-11 12:44:39,456 - INFO - Loaded timezone map with 28 servers
2025-04-11 12:44:39,456 - INFO - Loaded server history with 1 entries
2025-04-11 12:44:39,457 - INFO - Starting continuous server operation
2025-04-11 12:44:39,457 - INFO - Starting server cycle #1
2025-04-11 12:44:39,457 - INFO - Time changed from day -1, hour -1 to day 4, hour 10, updating server list
2025-04-11 12:44:39,457 - INFO - Skipping recently used server: Amsterdam (Netherlands) (ams)
2025-04-11 12:44:39,457 - INFO - Top 10 servers:
2025-04-11 12:44:39,457 - INFO -   Seoul (South Korea) (seo) - Priority: 1, Local: Friday 19:00
2025-04-11 12:44:39,457 - INFO -   Tokyo Koto City (Japan) (tyo) - Priority: 1, Local: Friday 19:00
2025-04-11 12:44:39,457 - INFO -   Sydney (Australia) (syd) - Priority: 5, Local: Friday 20:00
2025-04-11 12:44:39,457 - INFO -   Hong Kong (hkg) - Priority: 8, Local: Friday 18:00
2025-04-11 12:44:39,457 - INFO -   Singapore (sgp) - Priority: 8, Local: Friday 18:00
2025-04-11 12:44:39,457 - INFO -   Frankfurt (Germany) (fra) - Priority: 999, Local: Friday 12:00
2025-04-11 12:44:39,457 - INFO -   Paris (France) (par) - Priority: 999, Local: Friday 12:00
2025-04-11 12:44:39,457 - INFO -   Lima (Peru) (lim) - Priority: 999, Local: Friday 5:00
2025-04-11 12:44:39,457 - INFO -   Stockholm - Kista (Sweden) (sto) - Priority: 999, Local: Friday 12:00
2025-04-11 12:44:39,457 - INFO -   Dallas (Texas) (dfw) - Priority: 999, Local: Friday 5:00
2025-04-11 12:44:39,458 - INFO - Wrote 27 servers to preferred_servers.txt
2025-04-11 12:44:39,459 - INFO - Loaded 27 preferred servers
2025-04-11 12:44:39,459 - INFO - Running server: Seoul (South Korea) (seo)
2025-04-11 12:44:39,459 - INFO - Updated server blocklist, unblocked: Seoul (South Korea) (seo)
2025-04-11 12:44:39,459 - INFO - Starting AHK script: cs2_automation.ahk
2025-04-11 12:45:58,545 - WARNING - Could not parse harvest results from AHK output
2025-04-11 12:45:58,545 - INFO - AHK script completed successfully, harvested 0 profiles
2025-04-11 12:45:58,545 - INFO - Server performance: {"server": "Seoul (South Korea) (seo)", "utc_start": "2025-04-11 12:44:39", "utc_end": "2025-04-11 12:45:58", "local_time": "19:00-20:00 (Friday)", "duration_minutes": 1.3, "profiles_harvested": 0, "harvest_rate": 0.0}
2025-04-11 12:45:58,546 - INFO - Saved server history with 2 entries
2025-04-11 12:45:58,546 - INFO - Running server: Tokyo Koto City (Japan) (tyo)
2025-04-11 12:45:58,546 - INFO - Updated server blocklist, unblocked: Tokyo Koto City (Japan) (tyo)
2025-04-11 12:45:58,546 - INFO - Starting AHK script: cs2_automation.ahk
2025-04-11 12:47:08,746 - WARNING - Could not parse harvest results from AHK output
2025-04-11 12:47:08,747 - INFO - AHK script completed successfully, harvested 0 profiles
2025-04-11 12:47:08,747 - INFO - Server performance: {"server": "Tokyo Koto City (Japan) (tyo)", "utc_start": "2025-04-11 12:45:58", "utc_end": "2025-04-11 12:47:08", "local_time": "19:00-20:00 (Friday)", "duration_minutes": 1.2, "profiles_harvested": 0, "harvest_rate": 0.0}
2025-04-11 12:47:08,748 - INFO - Saved server history with 3 entries
2025-04-11 12:47:08,748 - INFO - Running server: Sydney (Australia) (syd)
2025-04-11 12:47:08,748 - INFO - Updated server blocklist, unblocked: Sydney (Australia) (syd)
2025-04-11 12:47:08,748 - INFO - Starting AHK script: cs2_automation.ahk
2025-04-11 12:48:39,619 - WARNING - Could not parse harvest results from AHK output
2025-04-11 12:48:39,619 - INFO - AHK script completed successfully, harvested 0 profiles
2025-04-11 12:48:39,619 - INFO - Server performance: {"server": "Sydney (Australia) (syd)", "utc_start": "2025-04-11 12:47:08", "utc_end": "2025-04-11 12:48:39", "local_time": "20:00-21:00 (Friday)", "duration_minutes": 1.5, "profiles_harvested": 0, "harvest_rate": 0.0}
2025-04-11 12:48:39,620 - INFO - Saved server history with 4 entries
2025-04-11 12:48:39,620 - INFO - Running server: Hong Kong (hkg)
2025-04-11 12:48:39,620 - INFO - Updated server blocklist, unblocked: Hong Kong (hkg)
2025-04-11 12:48:39,620 - INFO - Starting AHK script: cs2_automation.ahk
2025-04-11 12:54:53,851 - INFO - Loaded timezone map with 28 servers
2025-04-11 12:54:53,852 - INFO - Loaded server history with 1 entries
2025-04-11 12:54:53,853 - INFO - Starting continuous server operation
2025-04-11 12:54:53,853 - INFO - Starting server cycle #1
2025-04-11 12:54:53,853 - INFO - Time changed from day -1, hour -1 to day 4, hour 10, updating server list
2025-04-11 12:54:53,853 - INFO - Skipping recently used server: Sydney (Australia) (syd)
2025-04-11 12:54:53,853 - INFO - Top 10 servers:
2025-04-11 12:54:53,853 - INFO -   Tokyo Koto City (Japan) (tyo) - Priority: 1, Local: Friday 19:00
2025-04-11 12:54:53,853 - INFO -   Seoul (South Korea) (seo) - Priority: 1, Local: Friday 19:00
2025-04-11 12:54:53,853 - INFO -   Hong Kong (hkg) - Priority: 8, Local: Friday 18:00
2025-04-11 12:54:53,853 - INFO -   Singapore (sgp) - Priority: 8, Local: Friday 18:00
2025-04-11 12:54:53,853 - INFO -   Dubai (United Arab Emirates) (dxb) - Priority: 999, Local: Friday 14:00
2025-04-11 12:54:53,853 - INFO -   Buenos Aires (Argentina) (eze) - Priority: 999, Local: Friday 7:00
2025-04-11 12:54:53,853 - INFO -   Dallas (Texas) (dfw) - Priority: 999, Local: Friday 5:00
2025-04-11 12:54:53,853 - INFO -   London (England) (lhr) - Priority: 999, Local: Friday 11:00
2025-04-11 12:54:53,853 - INFO -   Sterling (Virginia) (iad) - Priority: 999, Local: Friday 6:00
2025-04-11 12:54:53,853 - INFO -   Madrid (Spain) (mad) - Priority: 999, Local: Friday 12:00
2025-04-11 12:54:53,854 - INFO - Wrote 27 servers to preferred_servers.txt
2025-04-11 12:54:53,855 - INFO - Loaded 27 preferred servers
2025-04-11 12:54:53,855 - INFO - Running server: Tokyo Koto City (Japan) (tyo)
2025-04-11 12:54:53,856 - INFO - Updated server blocklist, unblocked: Tokyo Koto City (Japan) (tyo)
2025-04-11 12:54:53,856 - INFO - Starting AHK script: cs2_automation.ahk
2025-04-11 18:53:39,824 - INFO - Loaded timezone map with 28 servers
2025-04-11 18:53:39,824 - INFO - Loaded server history with 1 entries
2025-04-11 18:53:39,825 - INFO - Starting continuous server operation
2025-04-11 18:53:39,825 - INFO - Starting server cycle #1
2025-04-11 18:53:39,825 - INFO - Time changed from day -1, hour -1 to day 4, hour 16, updating server list
2025-04-11 18:53:39,825 - INFO - Top 10 servers:
2025-04-11 18:53:39,825 - INFO -   Singapore (sgp) - Priority: 3, Local: Saturday 0:00
2025-04-11 18:53:39,825 - INFO -   Hong Kong (hkg) - Priority: 3, Local: Saturday 0:00
2025-04-11 18:53:39,825 - INFO -   Tokyo Koto City (Japan) (tyo) - Priority: 4, Local: Saturday 1:00
2025-04-11 18:53:39,825 - INFO -   Seoul (South Korea) (seo) - Priority: 4, Local: Saturday 1:00
2025-04-11 18:53:39,825 - INFO -   Dubai (United Arab Emirates) (dxb) - Priority: 5, Local: Friday 20:00
2025-04-11 18:53:39,825 - INFO -   Mumbai (India) (bom2) - Priority: 7, Local: Friday 22:00
2025-04-11 18:53:39,825 - INFO -   Chennai - Ambattur (India) (maa2) - Priority: 7, Local: Friday 22:00
2025-04-11 18:53:39,825 - INFO -   Warsaw (Poland) (waw) - Priority: 8, Local: Friday 18:00
2025-04-11 18:53:39,825 - INFO -   Stockholm - Kista (Sweden) (sto) - Priority: 8, Local: Friday 18:00
2025-04-11 18:53:39,825 - INFO -   Paris (France) (par) - Priority: 8, Local: Friday 18:00
2025-04-11 18:53:39,826 - INFO - Wrote 28 servers to preferred_servers.txt
2025-04-11 18:53:39,826 - INFO - Loaded 28 preferred servers
2025-04-11 18:53:39,826 - INFO - Running server: Singapore (sgp)
2025-04-11 18:53:39,827 - INFO - Updated server blocklist, unblocked: Singapore (sgp)
2025-04-11 18:53:39,827 - INFO - Starting AHK script: cs2_automation.ahk
2025-04-11 19:01:45,212 - WARNING - Could not parse harvest results from AHK output
2025-04-11 19:01:45,212 - INFO - AHK script completed successfully, harvested 0 profiles
2025-04-11 19:01:45,212 - INFO - Server performance: {"server": "Singapore (sgp)", "utc_start": "2025-04-11 18:53:39", "utc_end": "2025-04-11 19:01:45", "local_time": "1:00-2:00 (Saturday)", "duration_minutes": 8.1, "profiles_harvested": 0, "harvest_rate": 0.0}
2025-04-11 19:01:45,213 - INFO - Saved server history with 2 entries
2025-04-11 19:01:45,214 - INFO - Hour changed from 16 to 17, updating server list
2025-04-11 19:01:45,214 - INFO - Skipping recently used server: Singapore (sgp)
2025-04-11 19:01:45,214 - INFO - Top 10 servers:
2025-04-11 19:01:45,214 - INFO -   Stockholm - Kista (Sweden) (sto) - Priority: 1, Local: Friday 19:00
2025-04-11 19:01:45,214 - INFO -   Madrid (Spain) (mad) - Priority: 1, Local: Friday 19:00
2025-04-11 19:01:45,214 - INFO -   Johannesburg (South Africa) (jnb) - Priority: 1, Local: Friday 19:00
2025-04-11 19:01:45,214 - INFO -   Amsterdam (Netherlands) (ams) - Priority: 1, Local: Friday 19:00
2025-04-11 19:01:45,214 - INFO -   Warsaw (Poland) (waw) - Priority: 1, Local: Friday 19:00
2025-04-11 19:01:45,214 - INFO -   Frankfurt (Germany) (fra) - Priority: 1, Local: Friday 19:00
2025-04-11 19:01:45,214 - INFO -   Stockholm - Bromma (Sweden) (sto2) - Priority: 1, Local: Friday 19:00
2025-04-11 19:01:45,214 - INFO -   Vienna (Austria) (vie) - Priority: 1, Local: Friday 19:00
2025-04-11 19:01:45,214 - INFO -   Paris (France) (par) - Priority: 1, Local: Friday 19:00
2025-04-11 19:01:45,214 - INFO -   Hong Kong (hkg) - Priority: 4, Local: Saturday 1:00
2025-04-11 19:01:45,215 - INFO - Wrote 27 servers to preferred_servers.txt
2025-04-11 19:01:45,215 - INFO - Completed server cycle, harvested 0 profiles in total
2025-04-11 19:01:45,215 - INFO - Completed cycle #1, pausing before next cycle
2025-04-11 19:03:44,998 - INFO - Loaded timezone map with 28 servers
2025-04-11 19:03:44,999 - INFO - Loaded server history with 2 entries
2025-04-11 19:03:44,999 - INFO - Starting continuous server operation
2025-04-11 19:03:44,999 - INFO - Starting server cycle #1
2025-04-11 19:03:44,999 - INFO - Time changed from day -1, hour -1 to day 4, hour 17, updating server list
2025-04-11 19:03:44,999 - INFO - Skipping recently used server: Singapore (sgp)
2025-04-11 19:03:44,999 - INFO - Top 10 servers:
2025-04-11 19:03:44,999 - INFO -   Amsterdam (Netherlands) (ams) - Priority: 1, Local: Friday 19:00
2025-04-11 19:03:45,000 - INFO -   Paris (France) (par) - Priority: 1, Local: Friday 19:00
2025-04-11 19:03:45,000 - INFO -   Warsaw (Poland) (waw) - Priority: 1, Local: Friday 19:00
2025-04-11 19:03:45,000 - INFO -   Frankfurt (Germany) (fra) - Priority: 1, Local: Friday 19:00
2025-04-11 19:03:45,000 - INFO -   Vienna (Austria) (vie) - Priority: 1, Local: Friday 19:00
2025-04-11 19:03:45,000 - INFO -   Stockholm - Bromma (Sweden) (sto2) - Priority: 1, Local: Friday 19:00
2025-04-11 19:03:45,000 - INFO -   Johannesburg (South Africa) (jnb) - Priority: 1, Local: Friday 19:00
2025-04-11 19:03:45,000 - INFO -   Madrid (Spain) (mad) - Priority: 1, Local: Friday 19:00
2025-04-11 19:03:45,000 - INFO -   Stockholm - Kista (Sweden) (sto) - Priority: 1, Local: Friday 19:00
2025-04-11 19:03:45,000 - INFO -   Hong Kong (hkg) - Priority: 4, Local: Saturday 1:00
2025-04-11 19:03:45,000 - INFO - Wrote 27 servers to preferred_servers.txt
2025-04-11 19:03:45,001 - INFO - Loaded 27 preferred servers
2025-04-11 19:03:45,001 - INFO - Running server: Amsterdam (Netherlands) (ams)
2025-04-11 19:03:45,002 - INFO - Updated server blocklist, unblocked: Amsterdam (Netherlands) (ams)
2025-04-11 19:03:45,002 - INFO - Starting AHK script: cs2_automation.ahk
2025-04-11 19:31:34,149 - WARNING - Could not parse harvest results from AHK output
2025-04-11 19:31:34,150 - INFO - AHK script completed successfully, harvested 0 profiles
2025-04-11 19:31:34,151 - INFO - Server performance: {"server": "Amsterdam (Netherlands) (ams)", "utc_start": "2025-04-11 19:03:45", "utc_end": "2025-04-11 19:31:34", "local_time": "19:00-20:00 (Friday)", "duration_minutes": 27.8, "profiles_harvested": 0, "harvest_rate": 0.0}
2025-04-11 19:31:34,152 - INFO - Saved server history with 3 entries
2025-04-11 19:31:34,152 - INFO - Running server: Paris (France) (par)
2025-04-11 19:31:34,153 - INFO - Updated server blocklist, unblocked: Paris (France) (par)
2025-04-11 19:31:34,153 - INFO - Starting AHK script: cs2_automation.ahk
2025-04-11 19:56:02,453 - WARNING - Could not parse harvest results from AHK output
2025-04-11 19:56:02,454 - INFO - AHK script completed successfully, harvested 0 profiles
2025-04-11 19:56:02,456 - INFO - Server performance: {"server": "Paris (France) (par)", "utc_start": "2025-04-11 19:31:34", "utc_end": "2025-04-11 19:56:02", "local_time": "19:00-20:00 (Friday)", "duration_minutes": 24.5, "profiles_harvested": 0, "harvest_rate": 0.0}
2025-04-11 19:56:02,458 - INFO - Saved server history with 4 entries
2025-04-11 19:56:02,459 - INFO - Running server: Warsaw (Poland) (waw)
2025-04-11 19:56:02,460 - INFO - Updated server blocklist, unblocked: Warsaw (Poland) (waw)
2025-04-11 19:56:02,461 - INFO - Starting AHK script: cs2_automation.ahk
2025-04-11 20:23:08,870 - WARNING - Could not parse harvest results from AHK output
2025-04-11 20:23:08,872 - INFO - AHK script completed successfully, harvested 0 profiles
2025-04-11 20:23:08,873 - INFO - Server performance: {"server": "Warsaw (Poland) (waw)", "utc_start": "2025-04-11 19:56:02", "utc_end": "2025-04-11 20:23:08", "local_time": "20:00-21:00 (Friday)", "duration_minutes": 27.1, "profiles_harvested": 0, "harvest_rate": 0.0}
2025-04-11 20:23:08,876 - INFO - Saved server history with 5 entries
2025-04-11 20:23:08,876 - INFO - Hour changed from 17 to 18, updating server list
2025-04-11 20:23:08,877 - INFO - Skipping recently used server: Paris (France) (par)
2025-04-11 20:23:08,878 - INFO - Skipping recently used server: Warsaw (Poland) (waw)
2025-04-11 20:23:08,878 - INFO - Top 10 servers:
2025-04-11 20:23:08,878 - INFO -   London (England) (lhr) - Priority: 1, Local: Friday 19:00
2025-04-11 20:23:08,878 - INFO -   Chennai - Ambattur (India) (maa2) - Priority: 2, Local: Friday 23:00
2025-04-11 20:23:08,879 - INFO -   Mumbai (India) (bom2) - Priority: 2, Local: Friday 23:00
2025-04-11 20:23:08,879 - INFO -   Johannesburg (South Africa) (jnb) - Priority: 5, Local: Friday 20:00
2025-04-11 20:23:08,879 - INFO -   Madrid (Spain) (mad) - Priority: 5, Local: Friday 20:00
2025-04-11 20:23:08,879 - INFO -   Frankfurt (Germany) (fra) - Priority: 5, Local: Friday 20:00
2025-04-11 20:23:08,879 - INFO -   Stockholm - Kista (Sweden) (sto) - Priority: 5, Local: Friday 20:00
2025-04-11 20:23:08,879 - INFO -   Amsterdam (Netherlands) (ams) - Priority: 5, Local: Friday 20:00
2025-04-11 20:23:08,879 - INFO -   Stockholm - Bromma (Sweden) (sto2) - Priority: 5, Local: Friday 20:00
2025-04-11 20:23:08,879 - INFO -   Vienna (Austria) (vie) - Priority: 5, Local: Friday 20:00
2025-04-11 20:23:08,880 - INFO - Wrote 26 servers to preferred_servers.txt
2025-04-11 20:23:08,880 - INFO - Completed server cycle, harvested 0 profiles in total
2025-04-11 20:23:08,881 - INFO - Completed cycle #1, pausing before next cycle
2025-04-11 20:23:38,882 - INFO - Starting server cycle #2
2025-04-11 20:23:38,885 - INFO - Loaded 26 preferred servers
2025-04-11 20:23:38,885 - INFO - Running server: London (England) (lhr)
2025-04-11 20:23:38,886 - INFO - Updated server blocklist, unblocked: London (England) (lhr)
2025-04-11 20:23:38,887 - INFO - Starting AHK script: cs2_automation.ahk
2025-04-11 20:47:51,572 - WARNING - Could not parse harvest results from AHK output
2025-04-11 20:47:51,573 - INFO - AHK script completed successfully, harvested 0 profiles
2025-04-11 20:47:51,575 - INFO - Server performance: {"server": "London (England) (lhr)", "utc_start": "2025-04-11 20:23:38", "utc_end": "2025-04-11 20:47:51", "local_time": "19:00-20:00 (Friday)", "duration_minutes": 24.2, "profiles_harvested": 0, "harvest_rate": 0.0}
2025-04-11 20:47:51,577 - INFO - Saved server history with 6 entries
2025-04-11 20:47:51,578 - INFO - Running server: Chennai - Ambattur (India) (maa2)
2025-04-11 20:47:51,579 - INFO - Updated server blocklist, unblocked: Chennai - Ambattur (India) (maa2)
2025-04-11 20:47:51,579 - INFO - Starting AHK script: cs2_automation.ahk
2025-04-11 20:55:08,344 - WARNING - Could not parse harvest results from AHK output
2025-04-11 20:55:08,344 - INFO - AHK script completed successfully, harvested 0 profiles
2025-04-11 20:55:08,344 - INFO - Server performance: {"server": "Chennai - Ambattur (India) (maa2)", "utc_start": "2025-04-11 20:47:51", "utc_end": "2025-04-11 20:55:08", "local_time": "0:00-1:00 (Saturday)", "duration_minutes": 7.3, "profiles_harvested": 0, "harvest_rate": 0.0}
2025-04-11 20:55:08,345 - INFO - Saved server history with 7 entries
2025-04-11 20:55:08,346 - INFO - Running server: Mumbai (India) (bom2)
2025-04-11 20:55:08,348 - INFO - Updated server blocklist, unblocked: Mumbai (India) (bom2)
2025-04-11 20:55:08,348 - INFO - Starting AHK script: cs2_automation.ahk
2025-04-11 21:00:10,704 - WARNING - Could not parse harvest results from AHK output
2025-04-11 21:00:10,705 - INFO - AHK script completed successfully, harvested 0 profiles
2025-04-11 21:00:10,705 - INFO - Server performance: {"server": "Mumbai (India) (bom2)", "utc_start": "2025-04-11 20:55:08", "utc_end": "2025-04-11 21:00:10", "local_time": "0:00-1:00 (Saturday)", "duration_minutes": 5.0, "profiles_harvested": 0, "harvest_rate": 0.0}
2025-04-11 21:00:10,705 - INFO - Saved server history with 8 entries
2025-04-11 21:00:10,706 - INFO - Hour changed from 18 to 19, updating server list
2025-04-11 21:00:10,706 - INFO - Skipping recently used server: London (England) (lhr)
2025-04-11 21:00:10,706 - INFO - Skipping recently used server: Mumbai (India) (bom2)
2025-04-11 21:00:10,706 - INFO - Skipping recently used server: Chennai - Ambattur (India) (maa2)
2025-04-11 21:00:10,706 - INFO - Top 10 servers:
2025-04-11 21:00:10,706 - INFO -   Dubai (United Arab Emirates) (dxb) - Priority: 2, Local: Friday 23:00
2025-04-11 21:00:10,706 - INFO -   Warsaw (Poland) (waw) - Priority: 6, Local: Friday 21:00
2025-04-11 21:00:10,706 - INFO -   Vienna (Austria) (vie) - Priority: 6, Local: Friday 21:00
2025-04-11 21:00:10,706 - INFO -   Stockholm - Bromma (Sweden) (sto2) - Priority: 6, Local: Friday 21:00
2025-04-11 21:00:10,706 - INFO -   Amsterdam (Netherlands) (ams) - Priority: 6, Local: Friday 21:00
2025-04-11 21:00:10,706 - INFO -   Paris (France) (par) - Priority: 6, Local: Friday 21:00
2025-04-11 21:00:10,706 - INFO -   Johannesburg (South Africa) (jnb) - Priority: 6, Local: Friday 21:00
2025-04-11 21:00:10,706 - INFO -   Madrid (Spain) (mad) - Priority: 6, Local: Friday 21:00
2025-04-11 21:00:10,706 - INFO -   Frankfurt (Germany) (fra) - Priority: 6, Local: Friday 21:00
2025-04-11 21:00:10,706 - INFO -   Stockholm - Kista (Sweden) (sto) - Priority: 6, Local: Friday 21:00
2025-04-11 21:00:10,708 - INFO - Wrote 25 servers to preferred_servers.txt
2025-04-11 21:00:10,708 - INFO - Completed server cycle, harvested 0 profiles in total
2025-04-11 21:00:10,708 - INFO - Completed cycle #2, pausing before next cycle
2025-04-11 21:00:40,708 - INFO - Starting server cycle #3
2025-04-11 21:00:40,709 - INFO - Loaded 25 preferred servers
2025-04-11 21:00:40,709 - INFO - Running server: Dubai (United Arab Emirates) (dxb)
2025-04-11 21:00:40,710 - INFO - Updated server blocklist, unblocked: Dubai (United Arab Emirates) (dxb)
2025-04-11 21:00:40,710 - INFO - Starting AHK script: cs2_automation.ahk
2025-04-11 21:05:43,020 - WARNING - Could not parse harvest results from AHK output
2025-04-11 21:05:43,020 - INFO - AHK script completed successfully, harvested 0 profiles
2025-04-11 21:05:43,020 - INFO - Server performance: {"server": "Dubai (United Arab Emirates) (dxb)", "utc_start": "2025-04-11 21:00:40", "utc_end": "2025-04-11 21:05:43", "local_time": "23:00-24:00 (Friday)", "duration_minutes": 5.0, "profiles_harvested": 0, "harvest_rate": 0.0}
2025-04-11 21:05:43,022 - INFO - Saved server history with 9 entries
2025-04-11 21:05:43,022 - INFO - Running server: Warsaw (Poland) (waw)
2025-04-11 21:05:43,022 - INFO - Updated server blocklist, unblocked: Warsaw (Poland) (waw)
2025-04-11 21:05:43,022 - INFO - Starting AHK script: cs2_automation.ahk
2025-04-11 21:10:45,644 - WARNING - Could not parse harvest results from AHK output
2025-04-11 21:10:45,644 - INFO - AHK script completed successfully, harvested 0 profiles
2025-04-11 21:10:45,644 - INFO - Server performance: {"server": "Warsaw (Poland) (waw)", "utc_start": "2025-04-11 21:05:43", "utc_end": "2025-04-11 21:10:45", "local_time": "21:00-22:00 (Friday)", "duration_minutes": 5.0, "profiles_harvested": 0, "harvest_rate": 0.0}
2025-04-11 21:10:45,646 - INFO - Saved server history with 9 entries
2025-04-11 21:10:45,646 - INFO - Running server: Vienna (Austria) (vie)
2025-04-11 21:10:45,646 - INFO - Updated server blocklist, unblocked: Vienna (Austria) (vie)
2025-04-11 21:10:45,646 - INFO - Starting AHK script: cs2_automation.ahk
2025-04-11 21:15:48,376 - WARNING - Could not parse harvest results from AHK output
2025-04-11 21:15:48,376 - INFO - AHK script completed successfully, harvested 0 profiles
2025-04-11 21:15:48,377 - INFO - Server performance: {"server": "Vienna (Austria) (vie)", "utc_start": "2025-04-11 21:10:45", "utc_end": "2025-04-11 21:15:48", "local_time": "21:00-22:00 (Friday)", "duration_minutes": 5.0, "profiles_harvested": 0, "harvest_rate": 0.0}
2025-04-11 21:15:48,377 - INFO - Saved server history with 10 entries
2025-04-11 21:15:48,377 - INFO - Running server: Stockholm - Bromma (Sweden) (sto2)
2025-04-11 21:15:48,378 - INFO - Updated server blocklist, unblocked: Stockholm - Bromma (Sweden) (sto2)
2025-04-11 21:15:48,378 - INFO - Starting AHK script: cs2_automation.ahk
2025-04-11 21:20:50,696 - WARNING - Could not parse harvest results from AHK output
2025-04-11 21:20:50,696 - INFO - AHK script completed successfully, harvested 0 profiles
2025-04-11 21:20:50,696 - INFO - Server performance: {"server": "Stockholm - Bromma (Sweden) (sto2)", "utc_start": "2025-04-11 21:15:48", "utc_end": "2025-04-11 21:20:50", "local_time": "21:00-22:00 (Friday)", "duration_minutes": 5.0, "profiles_harvested": 0, "harvest_rate": 0.0}
2025-04-11 21:20:50,697 - INFO - Saved server history with 11 entries
2025-04-11 21:20:50,697 - INFO - Running server: Amsterdam (Netherlands) (ams)
2025-04-11 21:20:50,697 - INFO - Updated server blocklist, unblocked: Amsterdam (Netherlands) (ams)
2025-04-11 21:20:50,698 - INFO - Starting AHK script: cs2_automation.ahk
2025-04-11 21:25:53,240 - WARNING - Could not parse harvest results from AHK output
2025-04-11 21:25:53,240 - INFO - AHK script completed successfully, harvested 0 profiles
2025-04-11 21:25:53,240 - INFO - Server performance: {"server": "Amsterdam (Netherlands) (ams)", "utc_start": "2025-04-11 21:20:50", "utc_end": "2025-04-11 21:25:53", "local_time": "21:00-22:00 (Friday)", "duration_minutes": 5.0, "profiles_harvested": 0, "harvest_rate": 0.0}
2025-04-11 21:25:53,242 - INFO - Saved server history with 11 entries
2025-04-11 21:25:53,242 - INFO - Running server: Paris (France) (par)
2025-04-11 21:25:53,242 - INFO - Updated server blocklist, unblocked: Paris (France) (par)
2025-04-11 21:25:53,243 - INFO - Starting AHK script: cs2_automation.ahk
2025-04-11 21:30:55,465 - WARNING - Could not parse harvest results from AHK output
2025-04-11 21:30:55,465 - INFO - AHK script completed successfully, harvested 0 profiles
2025-04-11 21:30:55,465 - INFO - Server performance: {"server": "Paris (France) (par)", "utc_start": "2025-04-11 21:25:53", "utc_end": "2025-04-11 21:30:55", "local_time": "21:00-22:00 (Friday)", "duration_minutes": 5.0, "profiles_harvested": 0, "harvest_rate": 0.0}
2025-04-11 21:30:55,466 - INFO - Saved server history with 11 entries
2025-04-11 21:30:55,466 - INFO - Running server: Johannesburg (South Africa) (jnb)
2025-04-11 21:30:55,467 - INFO - Updated server blocklist, unblocked: Johannesburg (South Africa) (jnb)
2025-04-11 21:30:55,467 - INFO - Starting AHK script: cs2_automation.ahk
2025-04-11 21:35:58,112 - WARNING - Could not parse harvest results from AHK output
2025-04-11 21:35:58,112 - INFO - AHK script completed successfully, harvested 0 profiles
2025-04-11 21:35:58,112 - INFO - Server performance: {"server": "Johannesburg (South Africa) (jnb)", "utc_start": "2025-04-11 21:30:55", "utc_end": "2025-04-11 21:35:58", "local_time": "21:00-22:00 (Friday)", "duration_minutes": 5.0, "profiles_harvested": 0, "harvest_rate": 0.0}
2025-04-11 21:35:58,113 - INFO - Saved server history with 12 entries
2025-04-11 21:35:58,113 - INFO - Running server: Madrid (Spain) (mad)
2025-04-11 21:35:58,113 - INFO - Updated server blocklist, unblocked: Madrid (Spain) (mad)
2025-04-11 21:35:58,113 - INFO - Starting AHK script: cs2_automation.ahk
2025-04-11 21:41:00,690 - WARNING - Could not parse harvest results from AHK output
2025-04-11 21:41:00,690 - INFO - AHK script completed successfully, harvested 0 profiles
2025-04-11 21:41:00,691 - INFO - Server performance: {"server": "Madrid (Spain) (mad)", "utc_start": "2025-04-11 21:35:58", "utc_end": "2025-04-11 21:41:00", "local_time": "21:00-22:00 (Friday)", "duration_minutes": 5.0, "profiles_harvested": 0, "harvest_rate": 0.0}
2025-04-11 21:41:00,692 - INFO - Saved server history with 13 entries
2025-04-11 21:41:00,692 - INFO - Running server: Frankfurt (Germany) (fra)
2025-04-11 21:41:00,693 - INFO - Updated server blocklist, unblocked: Frankfurt (Germany) (fra)
2025-04-11 21:41:00,693 - INFO - Starting AHK script: cs2_automation.ahk
2025-04-11 21:46:03,316 - WARNING - Could not parse harvest results from AHK output
2025-04-11 21:46:03,316 - INFO - AHK script completed successfully, harvested 0 profiles
2025-04-11 21:46:03,316 - INFO - Server performance: {"server": "Frankfurt (Germany) (fra)", "utc_start": "2025-04-11 21:41:00", "utc_end": "2025-04-11 21:46:03", "local_time": "21:00-22:00 (Friday)", "duration_minutes": 5.0, "profiles_harvested": 0, "harvest_rate": 0.0}
2025-04-11 21:46:03,317 - INFO - Saved server history with 14 entries
2025-04-11 21:46:03,317 - INFO - Running server: Stockholm - Kista (Sweden) (sto)
2025-04-11 21:46:03,319 - INFO - Updated server blocklist, unblocked: Stockholm - Kista (Sweden) (sto)
2025-04-11 21:46:03,319 - INFO - Starting AHK script: cs2_automation.ahk
2025-04-12 11:27:31,157 - INFO - Loaded timezone map with 28 servers
2025-04-12 11:27:31,158 - INFO - Loaded server history with 14 entries
2025-04-12 11:27:31,158 - INFO - Starting continuous server operation
2025-04-12 11:27:31,158 - INFO - Starting server cycle #1
2025-04-12 11:27:31,158 - INFO - Time changed from day -1, hour -1 to day 5, hour 9, updating server list
2025-04-12 11:27:31,158 - INFO - Top 10 servers:
2025-04-12 11:27:31,158 - INFO -   Sydney (Australia) (syd) - Priority: 1, Local: Saturday 19:00
2025-04-12 11:27:31,158 - INFO -   Seoul (South Korea) (seo) - Priority: 8, Local: Saturday 18:00
2025-04-12 11:27:31,158 - INFO -   Tokyo Koto City (Japan) (tyo) - Priority: 8, Local: Saturday 18:00
2025-04-12 11:27:31,158 - INFO -   Hong Kong (hkg) - Priority: 9, Local: Saturday 17:00
2025-04-12 11:27:31,158 - INFO -   Singapore (sgp) - Priority: 9, Local: Saturday 17:00
2025-04-12 11:27:31,159 - INFO -   London (England) (lhr) - Priority: 10, Local: Saturday 10:00
2025-04-12 11:27:31,159 - INFO -   Amsterdam (Netherlands) (ams) - Priority: 11, Local: Saturday 11:00
2025-04-12 11:27:31,159 - INFO -   Stockholm - Kista (Sweden) (sto) - Priority: 11, Local: Saturday 11:00
2025-04-12 11:27:31,159 - INFO -   Johannesburg (South Africa) (jnb) - Priority: 11, Local: Saturday 11:00
2025-04-12 11:27:31,159 - INFO -   Madrid (Spain) (mad) - Priority: 11, Local: Saturday 11:00
2025-04-12 11:27:31,159 - INFO - Wrote 28 servers to preferred_servers.txt
2025-04-12 11:27:31,160 - INFO - Loaded 28 preferred servers
2025-04-12 11:27:31,160 - INFO - Running server: Sydney (Australia) (syd)
2025-04-12 11:27:31,161 - INFO - Updated server blocklist, unblocked: Sydney (Australia) (syd)
2025-04-12 11:27:31,161 - INFO - Starting AHK script: cs2_automation.ahk
2025-04-12 11:28:58,556 - WARNING - Could not parse harvest results from AHK output
2025-04-12 11:28:58,557 - INFO - AHK script completed successfully, harvested 0 profiles
2025-04-12 11:28:58,557 - INFO - Server performance: {"server": "Sydney (Australia) (syd)", "utc_start": "2025-04-12 11:27:31", "utc_end": "2025-04-12 11:28:58", "local_time": "19:00-20:00 (Saturday)", "duration_minutes": 1.5, "profiles_harvested": 0, "harvest_rate": 0.0}
2025-04-12 11:28:58,558 - INFO - Saved server history with 14 entries
2025-04-12 11:28:58,558 - INFO - Running server: Seoul (South Korea) (seo)
2025-04-12 11:28:58,559 - INFO - Updated server blocklist, unblocked: Seoul (South Korea) (seo)
2025-04-12 11:28:58,560 - INFO - Starting AHK script: cs2_automation.ahk
2025-04-12 11:30:26,235 - WARNING - Could not parse harvest results from AHK output
2025-04-12 11:30:26,235 - INFO - AHK script completed successfully, harvested 0 profiles
2025-04-12 11:30:26,235 - INFO - Server performance: {"server": "Seoul (South Korea) (seo)", "utc_start": "2025-04-12 11:28:58", "utc_end": "2025-04-12 11:30:26", "local_time": "18:00-19:00 (Saturday)", "duration_minutes": 1.5, "profiles_harvested": 0, "harvest_rate": 0.0}
2025-04-12 11:30:26,236 - INFO - Saved server history with 15 entries
2025-04-12 11:30:26,236 - INFO - Running server: Tokyo Koto City (Japan) (tyo)
2025-04-12 11:30:26,237 - INFO - Updated server blocklist, unblocked: Tokyo Koto City (Japan) (tyo)
2025-04-12 11:30:26,237 - INFO - Starting AHK script: cs2_automation.ahk
2025-04-12 11:30:32,781 - WARNING - Could not parse harvest results from AHK output
2025-04-12 11:30:32,781 - INFO - AHK script completed successfully, harvested 0 profiles
2025-04-12 11:30:32,781 - INFO - Server performance: {"server": "Tokyo Koto City (Japan) (tyo)", "utc_start": "2025-04-12 11:30:26", "utc_end": "2025-04-12 11:30:32", "local_time": "18:00-19:00 (Saturday)", "duration_minutes": 0.1, "profiles_harvested": 0, "harvest_rate": 0.0}
2025-04-12 11:30:32,782 - INFO - Saved server history with 16 entries
2025-04-12 11:30:32,782 - INFO - Running server: Hong Kong (hkg)
2025-04-12 11:30:32,783 - INFO - Updated server blocklist, unblocked: Hong Kong (hkg)
2025-04-12 11:30:32,783 - INFO - Starting AHK script: cs2_automation.ahk
2025-04-12 11:30:41,138 - WARNING - Could not parse harvest results from AHK output
2025-04-12 11:30:41,139 - INFO - AHK script completed successfully, harvested 0 profiles
2025-04-12 11:30:41,139 - INFO - Server performance: {"server": "Hong Kong (hkg)", "utc_start": "2025-04-12 11:30:32", "utc_end": "2025-04-12 11:30:41", "local_time": "17:00-18:00 (Saturday)", "duration_minutes": 0.1, "profiles_harvested": 0, "harvest_rate": 0.0}
2025-04-12 11:30:41,140 - INFO - Saved server history with 17 entries
2025-04-12 11:30:41,140 - INFO - Running server: Singapore (sgp)
2025-04-12 11:30:41,140 - INFO - Updated server blocklist, unblocked: Singapore (sgp)
2025-04-12 11:30:41,140 - INFO - Starting AHK script: cs2_automation.ahk
2025-04-12 11:46:05,777 - INFO - Loaded timezone map with 28 servers
2025-04-12 11:46:05,777 - INFO - Loaded server history with 17 entries
2025-04-12 11:46:05,777 - INFO - Starting continuous server operation
2025-04-12 11:46:05,778 - INFO - Starting server cycle #1
2025-04-12 11:46:05,778 - INFO - Time changed from day -1, hour -1 to day 5, hour 9, updating server list
2025-04-12 11:46:05,778 - INFO - Skipping recently used server: Hong Kong (hkg)
2025-04-12 11:46:05,778 - INFO - Skipping recently used server: Seoul (South Korea) (seo)
2025-04-12 11:46:05,778 - INFO - Skipping recently used server: Tokyo Koto City (Japan) (tyo)
2025-04-12 11:46:05,778 - INFO - Skipping recently used server: Sydney (Australia) (syd)
2025-04-12 11:46:05,778 - INFO - Top 10 servers:
2025-04-12 11:46:05,778 - INFO -   Singapore (sgp) - Priority: 9, Local: Saturday 17:00
2025-04-12 11:46:05,778 - INFO -   London (England) (lhr) - Priority: 10, Local: Saturday 10:00
2025-04-12 11:46:05,778 - INFO -   Warsaw (Poland) (waw) - Priority: 11, Local: Saturday 11:00
2025-04-12 11:46:05,778 - INFO -   Stockholm - Bromma (Sweden) (sto2) - Priority: 11, Local: Saturday 11:00
2025-04-12 11:46:05,778 - INFO -   Madrid (Spain) (mad) - Priority: 11, Local: Saturday 11:00
2025-04-12 11:46:05,778 - INFO -   Johannesburg (South Africa) (jnb) - Priority: 11, Local: Saturday 11:00
2025-04-12 11:46:05,778 - INFO -   Vienna (Austria) (vie) - Priority: 11, Local: Saturday 11:00
2025-04-12 11:46:05,778 - INFO -   Paris (France) (par) - Priority: 11, Local: Saturday 11:00
2025-04-12 11:46:05,778 - INFO -   Frankfurt (Germany) (fra) - Priority: 11, Local: Saturday 11:00
2025-04-12 11:46:05,778 - INFO -   Stockholm - Kista (Sweden) (sto) - Priority: 11, Local: Saturday 11:00
2025-04-12 11:46:05,779 - INFO - Wrote 24 servers to preferred_servers.txt
2025-04-12 11:46:05,779 - INFO - Loaded 24 preferred servers
2025-04-12 11:46:05,779 - INFO - Running server: Singapore (sgp)
2025-04-12 11:46:05,780 - INFO - Updated server blocklist, unblocked: Singapore (sgp)
2025-04-12 11:46:05,780 - INFO - Starting AHK script: cs2_automation.ahk
2025-04-12 11:50:16,921 - WARNING - Could not parse harvest results from AHK output
2025-04-12 11:50:16,921 - INFO - AHK script completed successfully, harvested 0 profiles
2025-04-12 11:50:16,922 - INFO - Server performance: {"server": "Singapore (sgp)", "utc_start": "2025-04-12 11:46:05", "utc_end": "2025-04-12 11:50:16", "local_time": "17:00-18:00 (Saturday)", "duration_minutes": 4.2, "profiles_harvested": 0, "harvest_rate": 0.0}
2025-04-12 11:50:16,923 - INFO - Saved server history with 17 entries
2025-04-12 11:50:16,923 - INFO - Running server: London (England) (lhr)
2025-04-12 11:50:16,924 - INFO - Updated server blocklist, unblocked: London (England) (lhr)
2025-04-12 11:50:16,924 - INFO - Starting AHK script: cs2_automation.ahk
2025-04-12 11:50:23,040 - WARNING - Could not parse harvest results from AHK output
2025-04-12 11:50:23,040 - INFO - AHK script completed successfully, harvested 0 profiles
2025-04-12 11:50:23,040 - INFO - Server performance: {"server": "London (England) (lhr)", "utc_start": "2025-04-12 11:50:16", "utc_end": "2025-04-12 11:50:23", "local_time": "10:00-11:00 (Saturday)", "duration_minutes": 0.1, "profiles_harvested": 0, "harvest_rate": 0.0}
2025-04-12 11:50:23,041 - INFO - Saved server history with 17 entries
2025-04-12 11:50:23,041 - INFO - Running server: Warsaw (Poland) (waw)
2025-04-12 11:50:23,042 - INFO - Updated server blocklist, unblocked: Warsaw (Poland) (waw)
2025-04-12 11:50:23,042 - INFO - Starting AHK script: cs2_automation.ahk
2025-04-12 11:59:21,245 - INFO - Loaded timezone map with 28 servers
2025-04-12 11:59:21,246 - INFO - Loaded server history with 17 entries
2025-04-12 11:59:21,246 - INFO - Starting continuous server operation
2025-04-12 11:59:21,247 - INFO - Starting server cycle #1
2025-04-12 11:59:21,247 - INFO - Time changed from day -1, hour -1 to day 5, hour 9, updating server list
2025-04-12 11:59:21,247 - INFO - Skipping recently used server: London (England) (lhr)
2025-04-12 11:59:21,247 - INFO - Skipping recently used server: Hong Kong (hkg)
2025-04-12 11:59:21,247 - INFO - Skipping recently used server: Singapore (sgp)
2025-04-12 11:59:21,247 - INFO - Skipping recently used server: Seoul (South Korea) (seo)
2025-04-12 11:59:21,247 - INFO - Skipping recently used server: Tokyo Koto City (Japan) (tyo)
2025-04-12 11:59:21,247 - INFO - Top 10 servers:
2025-04-12 11:59:21,247 - INFO -   Sydney (Australia) (syd) - Priority: 1, Local: Saturday 19:00
2025-04-12 11:59:21,247 - INFO -   Madrid (Spain) (mad) - Priority: 11, Local: Saturday 11:00
2025-04-12 11:59:21,247 - INFO -   Warsaw (Poland) (waw) - Priority: 11, Local: Saturday 11:00
2025-04-12 11:59:21,247 - INFO -   Johannesburg (South Africa) (jnb) - Priority: 11, Local: Saturday 11:00
2025-04-12 11:59:21,247 - INFO -   Vienna (Austria) (vie) - Priority: 11, Local: Saturday 11:00
2025-04-12 11:59:21,247 - INFO -   Frankfurt (Germany) (fra) - Priority: 11, Local: Saturday 11:00
2025-04-12 11:59:21,247 - INFO -   Stockholm - Bromma (Sweden) (sto2) - Priority: 11, Local: Saturday 11:00
2025-04-12 11:59:21,247 - INFO -   Amsterdam (Netherlands) (ams) - Priority: 11, Local: Saturday 11:00
2025-04-12 11:59:21,247 - INFO -   Stockholm - Kista (Sweden) (sto) - Priority: 11, Local: Saturday 11:00
2025-04-12 11:59:21,247 - INFO -   Paris (France) (par) - Priority: 11, Local: Saturday 11:00
2025-04-12 11:59:21,248 - INFO - Wrote 23 servers to preferred_servers.txt
2025-04-12 11:59:21,249 - INFO - Loaded 23 preferred servers
2025-04-12 11:59:21,249 - INFO - Running server: Sydney (Australia) (syd)
2025-04-12 11:59:21,250 - INFO - Updated server blocklist, unblocked: Sydney (Australia) (syd)
2025-04-12 11:59:21,250 - INFO - Starting AHK script: cs2_automation.ahk
2025-04-12 12:03:09,612 - INFO - Received keyboard interrupt, exiting
2025-04-12 12:03:09,614 - INFO - Updated server blocklist, unblocked: Amsterdam (Netherlands) (ams)
2025-04-12 12:10:01,768 - INFO - Loaded timezone map with 28 servers
2025-04-12 12:10:01,768 - INFO - Loaded server history with 17 entries
2025-04-12 12:10:01,769 - INFO - Starting continuous server operation
2025-04-12 12:10:01,769 - INFO - Starting server cycle #1
2025-04-12 12:10:01,770 - INFO - Time changed from day -1, hour -1 to day 5, hour 10, updating server list
2025-04-12 12:10:01,770 - INFO - Skipping recently used server: London (England) (lhr)
2025-04-12 12:10:01,770 - INFO - Skipping recently used server: Singapore (sgp)
2025-04-12 12:10:01,770 - INFO - Top 10 servers:
2025-04-12 12:10:01,770 - INFO -   Seoul (South Korea) (seo) - Priority: 1, Local: Saturday 19:00
2025-04-12 12:10:01,770 - INFO -   Tokyo Koto City (Japan) (tyo) - Priority: 1, Local: Saturday 19:00
2025-04-12 12:10:01,770 - INFO -   Sydney (Australia) (syd) - Priority: 5, Local: Saturday 20:00
2025-04-12 12:10:01,770 - INFO -   Hong Kong (hkg) - Priority: 8, Local: Saturday 18:00
2025-04-12 12:10:01,770 - INFO -   Atlanta (Georgia) (atl) - Priority: 999, Local: Saturday 6:00
2025-04-12 12:10:01,770 - INFO -   Chennai - Ambattur (India) (maa2) - Priority: 999, Local: Saturday 15:00
2025-04-12 12:10:01,770 - INFO -   Frankfurt (Germany) (fra) - Priority: 999, Local: Saturday 12:00
2025-04-12 12:10:01,770 - INFO -   Sao Paulo (Brazil) (gru) - Priority: 999, Local: Saturday 7:00
2025-04-12 12:10:01,770 - INFO -   Stockholm - Kista (Sweden) (sto) - Priority: 999, Local: Saturday 12:00
2025-04-12 12:10:01,770 - INFO -   Seattle (Washington) (sea) - Priority: 999, Local: Saturday 3:00
2025-04-12 12:10:01,771 - INFO - Wrote 26 servers to preferred_servers.txt
2025-04-12 12:10:01,771 - INFO - Loaded 26 preferred servers
2025-04-12 12:10:01,772 - INFO - Running server: Seoul (South Korea) (seo)
2025-04-12 12:10:01,773 - INFO - Updated server blocklist, unblocked: Seoul (South Korea) (seo)
2025-04-12 12:10:01,773 - INFO - Starting AHK script: cs2_automation.ahk
2025-04-12 12:11:10,403 - WARNING - Could not parse harvest results from AHK output
2025-04-12 12:11:10,403 - INFO - AHK script completed successfully, harvested 0 profiles
2025-04-12 12:11:10,404 - INFO - Server performance: {"server": "Seoul (South Korea) (seo)", "utc_start": "2025-04-12 12:10:01", "utc_end": "2025-04-12 12:11:10", "local_time": "19:00-20:00 (Saturday)", "duration_minutes": 1.1, "profiles_harvested": 0, "harvest_rate": 0.0}
2025-04-12 12:11:10,405 - INFO - Saved server history with 17 entries
2025-04-12 12:11:15,407 - INFO - Running server: Tokyo Koto City (Japan) (tyo)
2025-04-12 12:11:15,408 - INFO - Updated server blocklist, unblocked: Tokyo Koto City (Japan) (tyo)
2025-04-12 12:11:15,408 - INFO - Starting AHK script: cs2_automation.ahk
2025-04-12 12:12:42,455 - WARNING - Could not parse harvest results from AHK output
2025-04-12 12:12:42,455 - INFO - AHK script completed successfully, harvested 0 profiles
2025-04-12 12:12:42,456 - INFO - Server performance: {"server": "Tokyo Koto City (Japan) (tyo)", "utc_start": "2025-04-12 12:11:15", "utc_end": "2025-04-12 12:12:42", "local_time": "19:00-20:00 (Saturday)", "duration_minutes": 1.5, "profiles_harvested": 0, "harvest_rate": 0.0}
2025-04-12 12:12:42,457 - INFO - Saved server history with 17 entries
2025-04-12 12:12:47,459 - INFO - Running server: Sydney (Australia) (syd)
2025-04-12 12:12:47,460 - INFO - Updated server blocklist, unblocked: Sydney (Australia) (syd)
2025-04-12 12:12:47,460 - INFO - Starting AHK script: cs2_automation.ahk
2025-04-12 12:13:00,296 - INFO - Received keyboard interrupt, exiting
2025-04-12 12:13:05,748 - INFO - Updated server blocklist, unblocked: Amsterdam (Netherlands) (ams)
2025-04-12 12:24:49,979 - INFO - Loaded timezone map with 28 servers
2025-04-12 12:24:49,979 - INFO - Loaded server history with 17 entries
2025-04-12 12:24:49,980 - INFO - Starting continuous server operation
2025-04-12 12:24:49,980 - INFO - Starting server cycle #1
2025-04-12 12:24:49,980 - INFO - Time changed from day -1, hour -1 to day 5, hour 10, updating server list
2025-04-12 12:24:49,980 - INFO - Skipping recently used server: Seoul (South Korea) (seo)
2025-04-12 12:24:49,980 - INFO - Skipping recently used server: Tokyo Koto City (Japan) (tyo)
2025-04-12 12:24:49,980 - INFO - Top 10 servers:
2025-04-12 12:24:49,980 - INFO -   Sydney (Australia) (syd) - Priority: 5, Local: Saturday 20:00
2025-04-12 12:24:49,980 - INFO -   Singapore (sgp) - Priority: 8, Local: Saturday 18:00
2025-04-12 12:24:49,980 - INFO -   Hong Kong (hkg) - Priority: 8, Local: Saturday 18:00
2025-04-12 12:24:49,980 - INFO -   London (England) (lhr) - Priority: 11, Local: Saturday 11:00
2025-04-12 12:24:49,980 - INFO -   Lima (Peru) (lim) - Priority: 999, Local: Saturday 5:00
2025-04-12 12:24:49,980 - INFO -   Vienna (Austria) (vie) - Priority: 999, Local: Saturday 12:00
2025-04-12 12:24:49,981 - INFO -   Los Angeles (California) (lax) - Priority: 999, Local: Saturday 3:00
2025-04-12 12:24:49,981 - INFO -   Dubai (United Arab Emirates) (dxb) - Priority: 999, Local: Saturday 14:00
2025-04-12 12:24:49,981 - INFO -   Stockholm - Bromma (Sweden) (sto2) - Priority: 999, Local: Saturday 12:00
2025-04-12 12:24:49,981 - INFO -   Stockholm - Kista (Sweden) (sto) - Priority: 999, Local: Saturday 12:00
2025-04-12 12:24:49,981 - INFO - Wrote 26 servers to preferred_servers.txt
2025-04-12 12:24:49,982 - INFO - Loaded 26 preferred servers
2025-04-12 12:24:49,982 - INFO - Running server: Sydney (Australia) (syd)
2025-04-12 12:24:49,983 - INFO - Updated server blocklist, unblocked: Sydney (Australia) (syd)
2025-04-12 12:24:49,983 - INFO - Starting AHK script: cs2_automation.ahk
2025-04-12 12:26:43,614 - INFO - Received keyboard interrupt, exiting
2025-04-12 12:26:43,616 - INFO - Updated server blocklist, unblocked: Amsterdam (Netherlands) (ams)
2025-04-12 12:31:31,418 - INFO - Loaded timezone map with 28 servers
2025-04-12 12:31:31,419 - INFO - Loaded server history with 17 entries
2025-04-12 12:31:31,419 - INFO - Starting continuous server operation
2025-04-12 12:31:31,420 - INFO - Starting server cycle #1
2025-04-12 12:31:31,420 - INFO - Time changed from day -1, hour -1 to day 5, hour 10, updating server list
2025-04-12 12:31:31,420 - INFO - Skipping recently used server: Seoul (South Korea) (seo)
2025-04-12 12:31:31,420 - INFO - Skipping recently used server: Tokyo Koto City (Japan) (tyo)
2025-04-12 12:31:31,420 - INFO - Top 10 servers:
2025-04-12 12:31:31,420 - INFO -   Sydney (Australia) (syd) - Priority: 5, Local: Saturday 20:00
2025-04-12 12:31:31,420 - INFO -   Singapore (sgp) - Priority: 8, Local: Saturday 18:00
2025-04-12 12:31:31,420 - INFO -   Hong Kong (hkg) - Priority: 8, Local: Saturday 18:00
2025-04-12 12:31:31,420 - INFO -   London (England) (lhr) - Priority: 11, Local: Saturday 11:00
2025-04-12 12:31:31,420 - INFO -   Mumbai (India) (bom2) - Priority: 999, Local: Saturday 16:00
2025-04-12 12:31:31,420 - INFO -   Amsterdam (Netherlands) (ams) - Priority: 999, Local: Saturday 12:00
2025-04-12 12:31:31,420 - INFO -   Sao Paulo (Brazil) (gru) - Priority: 999, Local: Saturday 7:00
2025-04-12 12:31:31,420 - INFO -   Madrid (Spain) (mad) - Priority: 999, Local: Saturday 12:00
2025-04-12 12:31:31,420 - INFO -   Buenos Aires (Argentina) (eze) - Priority: 999, Local: Saturday 7:00
2025-04-12 12:31:31,420 - INFO -   Vienna (Austria) (vie) - Priority: 999, Local: Saturday 12:00
2025-04-12 12:31:31,421 - INFO - Wrote 26 servers to preferred_servers.txt
2025-04-12 12:31:31,422 - INFO - Loaded 26 preferred servers
2025-04-12 12:31:31,422 - INFO - Running server: Sydney (Australia) (syd)
2025-04-12 12:31:31,423 - INFO - Updated server blocklist, unblocked: Sydney (Australia) (syd)
2025-04-12 12:31:31,423 - INFO - Starting AHK script: cs2_automation.ahk
2025-04-12 12:32:09,975 - WARNING - Could not parse harvest results from AHK output
2025-04-12 12:32:09,975 - INFO - AHK script completed successfully, harvested 0 profiles
2025-04-12 12:32:15,031 - INFO - Server performance: {"server": "Sydney (Australia) (syd)", "utc_start": "2025-04-12 12:31:31", "utc_end": "2025-04-12 12:32:15", "local_time": "20:00-21:00 (Saturday)", "duration_minutes": 0.7, "profiles_harvested": 0, "harvest_rate": 0.0}
2025-04-12 12:32:15,033 - INFO - Saved server history with 17 entries
2025-04-12 12:32:17,632 - INFO - Received keyboard interrupt, exiting
2025-04-12 12:32:17,634 - INFO - Updated server blocklist, unblocked: Amsterdam (Netherlands) (ams)
2025-04-12 12:32:29,449 - INFO - Loaded timezone map with 28 servers
2025-04-12 12:32:29,450 - INFO - Loaded server history with 17 entries
2025-04-12 12:32:29,450 - INFO - Starting continuous server operation
2025-04-12 12:32:29,451 - INFO - Starting server cycle #1
2025-04-12 12:32:29,451 - INFO - Time changed from day -1, hour -1 to day 5, hour 10, updating server list
2025-04-12 12:32:29,451 - INFO - Skipping recently used server: Seoul (South Korea) (seo)
2025-04-12 12:32:29,451 - INFO - Skipping recently used server: Tokyo Koto City (Japan) (tyo)
2025-04-12 12:32:29,451 - INFO - Skipping recently used server: Sydney (Australia) (syd)
2025-04-12 12:32:29,451 - INFO - Top 10 servers:
2025-04-12 12:32:29,451 - INFO -   Hong Kong (hkg) - Priority: 8, Local: Saturday 18:00
2025-04-12 12:32:29,451 - INFO -   Singapore (sgp) - Priority: 8, Local: Saturday 18:00
2025-04-12 12:32:29,451 - INFO -   London (England) (lhr) - Priority: 11, Local: Saturday 11:00
2025-04-12 12:32:29,451 - INFO -   Sao Paulo (Brazil) (gru) - Priority: 999, Local: Saturday 7:00
2025-04-12 12:32:29,452 - INFO -   Seattle (Washington) (sea) - Priority: 999, Local: Saturday 3:00
2025-04-12 12:32:29,452 - INFO -   Lima (Peru) (lim) - Priority: 999, Local: Saturday 5:00
2025-04-12 12:32:29,452 - INFO -   Sterling (Virginia) (iad) - Priority: 999, Local: Saturday 6:00
2025-04-12 12:32:29,452 - INFO -   Madrid (Spain) (mad) - Priority: 999, Local: Saturday 12:00
2025-04-12 12:32:29,452 - INFO -   Dubai (United Arab Emirates) (dxb) - Priority: 999, Local: Saturday 14:00
2025-04-12 12:32:29,452 - INFO -   Santiago (Chile) (scl) - Priority: 999, Local: Saturday 6:00
2025-04-12 12:32:29,452 - INFO - Wrote 25 servers to preferred_servers.txt
2025-04-12 12:32:29,453 - INFO - Loaded 25 preferred servers
2025-04-12 12:32:29,453 - INFO - Running server: Hong Kong (hkg)
2025-04-12 12:32:29,454 - INFO - Updated server blocklist, unblocked: Hong Kong (hkg)
2025-04-12 12:32:29,454 - INFO - Starting AHK script: cs2_automation.ahk
2025-04-12 12:33:31,053 - INFO - Received keyboard interrupt, exiting
2025-04-12 12:33:36,155 - INFO - Updated server blocklist, unblocked: Amsterdam (Netherlands) (ams)
2025-04-12 12:35:22,579 - INFO - Loaded timezone map with 28 servers
2025-04-12 12:35:22,580 - INFO - Loaded server history with 17 entries
2025-04-12 12:35:22,580 - INFO - Starting continuous server operation
2025-04-12 12:35:22,580 - INFO - Starting server cycle #1
2025-04-12 12:35:22,581 - INFO - Time changed from day -1, hour -1 to day 5, hour 10, updating server list
2025-04-12 12:35:22,581 - INFO - Skipping recently used server: Seoul (South Korea) (seo)
2025-04-12 12:35:22,581 - INFO - Skipping recently used server: Tokyo Koto City (Japan) (tyo)
2025-04-12 12:35:22,581 - INFO - Skipping recently used server: Sydney (Australia) (syd)
2025-04-12 12:35:22,581 - INFO - Top 10 servers:
2025-04-12 12:35:22,581 - INFO -   Singapore (sgp) - Priority: 8, Local: Saturday 18:00
2025-04-12 12:35:22,581 - INFO -   Hong Kong (hkg) - Priority: 8, Local: Saturday 18:00
2025-04-12 12:35:22,581 - INFO -   London (England) (lhr) - Priority: 11, Local: Saturday 11:00
2025-04-12 12:35:22,581 - INFO -   Santiago (Chile) (scl) - Priority: 999, Local: Saturday 6:00
2025-04-12 12:35:22,581 - INFO -   Stockholm - Kista (Sweden) (sto) - Priority: 999, Local: Saturday 12:00
2025-04-12 12:35:22,581 - INFO -   Madrid (Spain) (mad) - Priority: 999, Local: Saturday 12:00
2025-04-12 12:35:22,581 - INFO -   Dallas (Texas) (dfw) - Priority: 999, Local: Saturday 5:00
2025-04-12 12:35:22,581 - INFO -   Sterling (Virginia) (iad) - Priority: 999, Local: Saturday 6:00
2025-04-12 12:35:22,581 - INFO -   Paris (France) (par) - Priority: 999, Local: Saturday 12:00
2025-04-12 12:35:22,581 - INFO -   Los Angeles (California) (lax) - Priority: 999, Local: Saturday 3:00
2025-04-12 12:35:22,582 - INFO - Wrote 25 servers to preferred_servers.txt
2025-04-12 12:35:22,583 - INFO - Loaded 25 preferred servers
2025-04-12 12:35:22,583 - INFO - Running server: Singapore (sgp)
2025-04-12 12:35:22,584 - INFO - Updated server blocklist, unblocked: Singapore (sgp)
2025-04-12 12:35:22,585 - INFO - Starting AHK script: cs2_automation.ahk
2025-04-12 12:36:08,417 - INFO - Received keyboard interrupt, exiting
2025-04-12 12:36:08,419 - INFO - Updated server blocklist, unblocked: Amsterdam (Netherlands) (ams)
2025-04-12 12:36:29,197 - INFO - Loaded timezone map with 28 servers
2025-04-12 12:36:29,198 - INFO - Loaded server history with 17 entries
2025-04-12 12:36:29,198 - INFO - Starting continuous server operation
2025-04-12 12:36:29,198 - INFO - Starting server cycle #1
2025-04-12 12:36:29,198 - INFO - Time changed from day -1, hour -1 to day 5, hour 10, updating server list
2025-04-12 12:36:29,199 - INFO - Skipping recently used server: Seoul (South Korea) (seo)
2025-04-12 12:36:29,199 - INFO - Skipping recently used server: Tokyo Koto City (Japan) (tyo)
2025-04-12 12:36:29,199 - INFO - Skipping recently used server: Sydney (Australia) (syd)
2025-04-12 12:36:29,199 - INFO - Top 10 servers:
2025-04-12 12:36:29,199 - INFO -   Singapore (sgp) - Priority: 8, Local: Saturday 18:00
2025-04-12 12:36:29,199 - INFO -   Hong Kong (hkg) - Priority: 8, Local: Saturday 18:00
2025-04-12 12:36:29,199 - INFO -   London (England) (lhr) - Priority: 11, Local: Saturday 11:00
2025-04-12 12:36:29,199 - INFO -   Atlanta (Georgia) (atl) - Priority: 999, Local: Saturday 6:00
2025-04-12 12:36:29,199 - INFO -   Seattle (Washington) (sea) - Priority: 999, Local: Saturday 3:00
2025-04-12 12:36:29,199 - INFO -   Chennai - Ambattur (India) (maa2) - Priority: 999, Local: Saturday 16:00
2025-04-12 12:36:29,199 - INFO -   Santiago (Chile) (scl) - Priority: 999, Local: Saturday 6:00
2025-04-12 12:36:29,199 - INFO -   Sterling (Virginia) (iad) - Priority: 999, Local: Saturday 6:00
2025-04-12 12:36:29,199 - INFO -   Sao Paulo (Brazil) (gru) - Priority: 999, Local: Saturday 7:00
2025-04-12 12:36:29,199 - INFO -   Chicago (Illinois) (ord) - Priority: 999, Local: Saturday 5:00
2025-04-12 12:36:29,199 - INFO - Wrote 25 servers to preferred_servers.txt
2025-04-12 12:36:29,200 - INFO - Loaded 25 preferred servers
2025-04-12 12:36:29,200 - INFO - Running server: Singapore (sgp)
2025-04-12 12:36:29,201 - INFO - Updated server blocklist, unblocked: Singapore (sgp)
2025-04-12 12:36:29,203 - INFO - Starting AHK script: cs2_automation.ahk
2025-04-12 12:41:24,630 - INFO - Received keyboard interrupt, exiting
2025-04-12 12:41:24,631 - INFO - Updated server blocklist, unblocked: Amsterdam (Netherlands) (ams)
