2025-04-11 11:48:47,268 - INFO - === CS2 Test Server Manager Started ===
2025-04-11 11:48:47,269 - INFO - Preferred servers file: C:\LinkHarvesterScript\data\preferred_servers.txt
2025-04-11 11:48:47,269 - INFO - Loaded 1 preferred servers
2025-04-11 11:48:47,270 - INFO - Fetching server data from Steam API...
2025-04-11 11:48:47,438 - INFO - Successfully fetched 49 servers
2025-04-11 11:48:47,440 - INFO - Running single server test with: Paris (France) (par)
2025-04-11 11:48:47,440 - INFO - Blocking all servers
2025-04-11 11:48:47,529 - INFO - Blocking server: Amsterdam (Netherlands) (ams)
2025-04-11 11:48:47,649 - INFO - Blocking server: Atlanta (Georgia) (atl)
2025-04-11 11:48:47,766 - INFO - Blocking server: Dallas (Texas) (dfw)
2025-04-11 11:48:47,884 - INFO - Blocking server: Dubai (United Arab Emirates) (dxb)
2025-04-11 11:48:48,007 - INFO - Blocking server: Buenos Aires (Argentina) (eze)
2025-04-11 11:48:48,122 - INFO - Blocking server: Frankfurt (Germany) (fra)
2025-04-11 11:48:48,240 - INFO - Blocking server: Sao Paulo (Brazil) (gru)
2025-04-11 11:48:48,354 - INFO - Blocking server: Hong Kong (hkg)
2025-04-11 11:48:48,479 - INFO - Blocking server: Sterling (Virginia) (iad)
2025-04-11 11:48:48,600 - INFO - Blocking server: Johannesburg (South Africa) (jnb)
2025-04-11 11:48:48,719 - INFO - Blocking server: Los Angeles (California) (lax)
2025-04-11 11:48:48,852 - INFO - Blocking server: London (England) (lhr)
2025-04-11 11:48:48,971 - INFO - Blocking server: Lima (Peru) (lim)
2025-04-11 11:48:49,091 - INFO - Blocking server: Madrid (Spain) (mad)
2025-04-11 11:48:49,211 - INFO - Blocking server: Chicago (Illinois) (ord)
2025-04-11 11:48:49,327 - INFO - Blocking server: Paris (France) (par)
2025-04-11 11:48:49,449 - INFO - Blocking server: Perfect World Guangdong 1 (China) (pwg)
2025-04-11 11:48:49,565 - INFO - Blocking server: Perfect World Tianjin (China) (pwj)
2025-04-11 11:48:49,677 - INFO - Blocking server: Perfect World Hebei (China) (pwu)
2025-04-11 11:48:49,789 - INFO - Blocking server: Perfect World Wuhan (China) (pww)
2025-04-11 11:48:49,905 - INFO - Blocking server: Perfect World Zhejiang (China) (pwz)
2025-04-11 11:48:50,020 - INFO - Blocking server: Santiago (Chile) (scl)
2025-04-11 11:48:50,138 - INFO - Blocking server: Seattle (Washington) (sea)
2025-04-11 11:48:50,251 - INFO - Blocking server: Seoul (South Korea) (seo)
2025-04-11 11:48:50,366 - INFO - Blocking server: Singapore (sgp)
2025-04-11 11:48:50,483 - INFO - Blocking server: Perfect World (sha-4) Backbone (Shanghai, China) (shb)
2025-04-11 11:48:50,597 - INFO - Blocking server: Stockholm - Kista (Sweden) (sto)
2025-04-11 11:48:50,712 - INFO - Blocking server: Sydney (Australia) (syd)
2025-04-11 11:48:50,827 - INFO - Blocking server: Tokyo Koto City (Japan) (tyo)
2025-04-11 11:48:50,940 - INFO - Blocking server: Vienna (Austria) (vie)
2025-04-11 11:48:51,053 - INFO - Blocking server: Warsaw (Poland) (waw)
2025-04-11 11:48:51,166 - INFO - Blocking server: Mumbai (India) (bom2)
2025-04-11 11:48:51,282 - INFO - Blocking server: Chennai - Ambattur (India) (maa2)
2025-04-11 11:48:51,395 - INFO - Blocking server: Stockholm - Bromma (Sweden) (sto2)
2025-04-11 11:48:51,510 - INFO - Blocking server: Multiplay Amsterdam (Netherlands) (ams4)
2025-04-11 11:48:51,622 - INFO - Blocking server: Multiplay Hong Kong (hkg4)
2025-04-11 11:48:51,736 - INFO - Blocking server: Alibaba Cloud Chengdu - Mobile (China) (ctum)
2025-04-11 11:48:51,876 - INFO - Blocking server: Multiplay Dallas (Texas) (dfwm)
2025-04-11 11:48:52,009 - INFO - Blocking server: Alibaba Cloud Beijing - Mobile (China) (pekm)
2025-04-11 11:48:52,125 - INFO - Blocking server: Alibaba Cloud Shanghai - Mobile (China) (pvgm)
2025-04-11 11:48:52,241 - INFO - Blocking server: Tencent Guangzhou - Mobile (China) (tgdm)
2025-04-11 11:48:52,355 - INFO - Blocking server: Alibaba Cloud Chengdu - Telecom (China) (ctut)
2025-04-11 11:48:52,469 - INFO - Blocking server: Alibaba Cloud Beijing - Telecom (China) (pekt)
2025-04-11 11:48:52,587 - INFO - Blocking server: Alibaba Cloud Shanghai - Telecom (China) (pvgt)
2025-04-11 11:48:52,776 - INFO - Blocking server: Tencent Guangzhou - Telecom (China) (tgdt)
2025-04-11 11:48:52,924 - INFO - Blocking server: Alibaba Cloud Chengdu - Unicom (China) (ctuu)
2025-04-11 11:48:53,057 - INFO - Blocking server: Alibaba Cloud Beijing - Unicom (China) (peku)
2025-04-11 11:48:53,194 - INFO - Blocking server: Alibaba Cloud Shanghai - Unicom (China) (pvgu)
2025-04-11 11:48:53,323 - INFO - Blocking server: Tencent Guangzhou - Unicom (China) (tgdu)
2025-04-11 11:48:53,381 - INFO - Blocked 49 servers
2025-04-11 11:48:53,446 - INFO - Unblocking server: Paris (France) (par)
2025-04-11 11:48:53,509 - INFO - Running AHK script
2025-04-11 11:48:56,568 - INFO - AHK script started with PID: 10360
2025-04-11 11:48:56,568 - INFO - Waiting for AHK script to complete (timeout: 2400 seconds)...
2025-04-11 11:48:57,673 - INFO - Starting API service
2025-04-11 11:48:57,673 - INFO - Configuration loaded successfully. Username: dima_spain
2025-04-11 11:48:57,674 - INFO - Configuration loaded successfully. Username: dima_spain
2025-04-11 11:48:57,674 - INFO - Read 0 Steam IDs from fallback file
2025-04-11 11:48:57,674 - INFO - No Steam IDs found in fallback file
2025-04-11 11:57:06,769 - INFO - AHK script exited after 490.2 seconds with return code 0
2025-04-11 11:57:06,771 - INFO - Unblocking all servers
2025-04-11 11:57:10,917 - INFO - Unblocking server: Amsterdam (Netherlands) (ams)
2025-04-11 11:57:11,050 - INFO - Unblocking server: Atlanta (Georgia) (atl)
2025-04-11 11:57:11,177 - INFO - Unblocking server: Dallas (Texas) (dfw)
2025-04-11 11:57:11,307 - INFO - Unblocking server: Dubai (United Arab Emirates) (dxb)
2025-04-11 11:57:11,437 - INFO - Unblocking server: Buenos Aires (Argentina) (eze)
2025-04-11 11:57:11,567 - INFO - Unblocking server: Frankfurt (Germany) (fra)
2025-04-11 11:57:11,697 - INFO - Unblocking server: Sao Paulo (Brazil) (gru)
2025-04-11 11:57:11,827 - INFO - Unblocking server: Hong Kong (hkg)
2025-04-11 11:57:12,069 - INFO - Unblocking server: Sterling (Virginia) (iad)
2025-04-11 11:57:12,206 - INFO - Unblocking server: Johannesburg (South Africa) (jnb)
2025-04-11 11:57:12,345 - INFO - Unblocking server: Los Angeles (California) (lax)
2025-04-11 11:57:12,486 - INFO - Unblocking server: London (England) (lhr)
2025-04-11 11:57:12,616 - INFO - Unblocking server: Lima (Peru) (lim)
2025-04-11 11:57:12,744 - INFO - Unblocking server: Madrid (Spain) (mad)
2025-04-11 11:57:12,872 - INFO - Unblocking server: Chicago (Illinois) (ord)
2025-04-11 11:57:13,112 - INFO - Server not blocked: Paris (France) (par)
2025-04-11 11:57:13,182 - INFO - Unblocking server: Perfect World Guangdong 1 (China) (pwg)
2025-04-11 11:57:13,319 - INFO - Unblocking server: Perfect World Tianjin (China) (pwj)
2025-04-11 11:57:13,459 - INFO - Unblocking server: Perfect World Hebei (China) (pwu)
2025-04-11 11:57:13,595 - INFO - Unblocking server: Perfect World Wuhan (China) (pww)
2025-04-11 11:57:13,723 - INFO - Unblocking server: Perfect World Zhejiang (China) (pwz)
2025-04-11 11:57:13,854 - INFO - Unblocking server: Santiago (Chile) (scl)
2025-04-11 11:57:13,988 - INFO - Unblocking server: Seattle (Washington) (sea)
2025-04-11 11:57:14,116 - INFO - Unblocking server: Seoul (South Korea) (seo)
2025-04-11 11:57:14,243 - INFO - Unblocking server: Singapore (sgp)
2025-04-11 11:57:14,369 - INFO - Unblocking server: Perfect World (sha-4) Backbone (Shanghai, China) (shb)
2025-04-11 11:57:14,497 - INFO - Unblocking server: Stockholm - Kista (Sweden) (sto)
2025-04-11 11:57:14,625 - INFO - Unblocking server: Sydney (Australia) (syd)
2025-04-11 11:57:14,754 - INFO - Unblocking server: Tokyo Koto City (Japan) (tyo)
2025-04-11 11:57:14,881 - INFO - Unblocking server: Vienna (Austria) (vie)
2025-04-11 11:57:15,009 - INFO - Unblocking server: Warsaw (Poland) (waw)
2025-04-11 11:57:15,137 - INFO - Unblocking server: Mumbai (India) (bom2)
2025-04-11 11:57:15,269 - INFO - Unblocking server: Chennai - Ambattur (India) (maa2)
2025-04-11 11:57:15,412 - INFO - Unblocking server: Stockholm - Bromma (Sweden) (sto2)
2025-04-11 11:57:15,556 - INFO - Unblocking server: Multiplay Amsterdam (Netherlands) (ams4)
2025-04-11 11:57:15,696 - INFO - Unblocking server: Multiplay Hong Kong (hkg4)
2025-04-11 11:57:15,841 - INFO - Unblocking server: Alibaba Cloud Chengdu - Mobile (China) (ctum)
2025-04-11 11:57:15,984 - INFO - Unblocking server: Multiplay Dallas (Texas) (dfwm)
2025-04-11 11:57:16,129 - INFO - Unblocking server: Alibaba Cloud Beijing - Mobile (China) (pekm)
2025-04-11 11:57:16,278 - INFO - Unblocking server: Alibaba Cloud Shanghai - Mobile (China) (pvgm)
2025-04-11 11:57:16,419 - INFO - Unblocking server: Tencent Guangzhou - Mobile (China) (tgdm)
2025-04-11 11:57:16,546 - INFO - Unblocking server: Alibaba Cloud Chengdu - Telecom (China) (ctut)
2025-04-11 11:57:16,672 - INFO - Unblocking server: Alibaba Cloud Beijing - Telecom (China) (pekt)
2025-04-11 11:57:16,800 - INFO - Unblocking server: Alibaba Cloud Shanghai - Telecom (China) (pvgt)
2025-04-11 11:57:16,927 - INFO - Unblocking server: Tencent Guangzhou - Telecom (China) (tgdt)
2025-04-11 11:57:17,070 - INFO - Unblocking server: Alibaba Cloud Chengdu - Unicom (China) (ctuu)
2025-04-11 11:57:17,202 - INFO - Unblocking server: Alibaba Cloud Beijing - Unicom (China) (peku)
2025-04-11 11:57:17,345 - INFO - Unblocking server: Alibaba Cloud Shanghai - Unicom (China) (pvgu)
2025-04-11 11:57:17,473 - INFO - Unblocking server: Tencent Guangzhou - Unicom (China) (tgdu)
2025-04-11 11:57:17,540 - INFO - Configuration loaded successfully. Username: dima_spain
2025-04-11 11:57:17,541 - INFO - Sending completion notification with status: success
2025-04-11 11:57:17,541 - INFO - Sending notification with message code: script-finished-running
2025-04-11 11:57:18,227 - INFO - Notification API response: Status 200, Success
2025-04-11 11:57:18,227 - INFO - Successfully sent completion notification
